Removed Pin From Net: NetName=ADC3_INP9 Pin=P10-1
Removed Pin From Net: NetName=CHARGE_EN Pin=P10-2
Removed Pin From Net: NetName=CHIP_KICK Pin=P10-3
Removed Pin From Net: NetName=KICK Pin=P10-4
Removed Pin From Net: NetName=GND Pin=T1-2
Removed Pin From Net: NetName=NetLS1_2 Pin=T1-3
Removed Member From Class: ClassName=Connectors Member=P10
Removed Member From Class: ClassName=Logic ICs Member=T1
Change Component Footprint: Designator=P1 - SWD Old Footprint=HEADER 5X2 MALE New Footprint=HEADER SWD
Change Component Comment : Designator=IC1 Old Comment=24CW160T-I/OT New Comment=HT2201
Change Component Comment : Designator=IC4 Old Comment=LDS-SMHTA304RISITR New Comment=SLS0391FB4A1GD
Change Component Comment : Designator=IC2 Old Comment=TCA9555DBR New Comment=PCA9555DB
Change Component Designator: OldDesignator=C? NewDesignator=C34
Change Component Designator: OldDesignator=L? NewDesignator=L1
Change Component Designator: OldDesignator=R? NewDesignator=R29
Change Component Designator: OldDesignator=S? NewDesignator=S3
Change component parameters: Designator = "IC6"; Footprint = "SOT-223"; UniqueID = "\SIVJMNDN\NMXOQJTF"
Change component parameters. Clean all parameters for all variants
Change component parameters (AddParameter): Name = "Mfr"; Value = "STMicroelectronics"; VariantName = "[No Variations]"
Change component parameters (AddParameter): Name = "Mfr Nr"; Value = "LD1117S33CTR"; VariantName = "[No Variations]"
Change component parameters (AddParameter): Name = "Package"; Value = "SOT-223-3"; VariantName = "[No Variations]"
Change component parameters (AddParameter): Name = "Series"; Value = "LD1117"; VariantName = "[No Variations]"
Change component parameters: Designator = "IC1"; Footprint = "SOT-23-5"; UniqueID = "\LIOWKVOY\WSEGYATE"
Change component parameters. Clean all parameters for all variants
Change component parameters (AddParameter): Name = "Mfr"; Value = "Holtek Semicon"; VariantName = "[No Variations]"
Change component parameters (AddParameter): Name = "Mfr Nr"; Value = "HT2201"; VariantName = "[No Variations]"
Change component parameters (AddParameter): Name = "Package"; Value = "SOT-23-5"; VariantName = "[No Variations]"
Change component parameters: Designator = "IC4"; Footprint = "LDS-SMHTA304RISITR"; UniqueID = "\LIOWKVOY\OXQIPEGC"
Change component parameters. Clean all parameters for all variants
Change component parameters (AddParameter): Name = "ComponentLink1Description"; Value = "Datasheet"; VariantName = "[No Variations]"
Change component parameters (AddParameter): Name = "ComponentLink1URL"; Value = "https://www.lumex.com/spec/LDS-SMHTA304RISITR.pdf"; VariantName = "[No Variations]"
Change component parameters (AddParameter): Name = "Mfr"; Value = "SUNLIGHT"; VariantName = "[No Variations]"
Change component parameters (AddParameter): Name = "Mfr Nr"; Value = "SLS0391FB4A1GD"; VariantName = "[No Variations]"
Change component parameters (AddParameter): Name = "Package"; Value = "SMD-10_9.8x13.0x1.88P"; VariantName = "[No Variations]"
Change component parameters: Designator = "P1 - SWD"; Footprint = "HEADER SWD"; UniqueID = "\SIVJMNDN\IZBLSMKR"
Change component parameters. Clean all parameters for all variants
Change component parameters (AddParameter): Name = "Mfr"; Value = "Harwin"; VariantName = "[No Variations]"
Change component parameters (AddParameter): Name = "Mfr Nr"; Value = "M50-3600542R"; VariantName = "[No Variations]"
Change component parameters (AddParameter): Name = "Pitch"; Value = "1.27mm"; VariantName = "[No Variations]"
Change component parameters: Designator = "IC2"; Footprint = "SSOP-24"; UniqueID = "\LIOWKVOY\TYROLFGW"
Change component parameters. Clean all parameters for all variants
Change component parameters (AddParameter): Name = "Mfr"; Value = "NXP Semicon"; VariantName = "[No Variations]"
Change component parameters (AddParameter): Name = "Mfr Nr"; Value = "PCA9555DB,118"; VariantName = "[No Variations]"
Change component parameters (AddParameter): Name = "Nr of I/Os"; Value = "16 I/O"; VariantName = "[No Variations]"
Change component parameters (AddParameter): Name = "Package"; Value = "SSOP-24_5.3x8.2x0.65P"; VariantName = "[No Variations]"
Change component parameters (AddParameter): Name = "Supply Voltage"; Value = "5.5V"; VariantName = "[No Variations]"
Added Component: Designator=P1(HEADER 5X2 MALE)
Add component. Clean all parameters for all variants
Added Component: Designator=Q1(SOT-23-3)
Add component. Clean all parameters for all variants
Add component (AddParameter): Name = "ComponentLink1Description"; Value = "Datasheet"; VariantName = "[No Variations]"
Add component (AddParameter): Name = "ComponentLink1URL"; Value = "https://br.mouser.com/datasheet/2/408/T2N7002AK_datasheet_en_20150401-708738.pdf"; VariantName = "[No Variations]"
Add component (AddParameter): Name = "Mfr"; Value = "Winsok Semicon"; VariantName = "[No Variations]"
Add component (AddParameter): Name = "Mfr Nr"; Value = "WST2N7002K"; VariantName = "[No Variations]"
Add component (AddParameter): Name = "Package"; Value = "SOT-23-3"; VariantName = "[No Variations]"
Added Pin To Net: NetName=KICK Pin=P1-2
Added Pin To Net: NetName=CHIP_KICK Pin=P1-3
Added Pin To Net: NetName=CHARGE_EN Pin=P1-4
Added Pin To Net: NetName=ADC3_INP9 Pin=P1-5
Added Pin To Net: NetName=GND Pin=P1-6
Added Pin To Net: NetName=3V3 Pin=P1-9
Added Pin To Net: NetName=5V Pin=P1-10
Added Pin To Net: NetName=GND Pin=Q1-2
Added Pin To Net: NetName=NetLS1_2 Pin=Q1-3
Added Pin To Net: NetName=NetQ1_1 Pin=Q1-1
Added Net: Name=NetQ1_1
Added Member To Class: ClassName=Connectors Member=Component P1 5X2
Added Member To Class: ClassName=Logic ICs Member=Component Q1 WST2N7002K
