Removed Pin From Net: NetName=VDD Pin=IC7-6
Removed Pin From Net: NetName=OSC32_IN Pin=IC7-8
Removed Pin From Net: NetName=OSC32_OUT Pin=IC7-9
Removed Pin From Net: NetName=GND Pin=IC7-16
Removed Pin From Net: NetName=VDD Pin=IC7-17
Removed Pin From Net: NetName=OSC25M_IN Pin=IC7-23
Removed Pin From Net: NetName=OSC25M_OUT Pin=IC7-24
Removed Pin From Net: NetName=NRST Pin=IC7-25
Removed Pin From Net: NetName=VDD Pin=IC7-30
Removed Pin From Net: NetName=GND Pin=IC7-31
Removed Pin From Net: NetName=VDDA Pin=IC7-32
Removed Pin From Net: NetName=VDDA Pin=IC7-33
Removed Pin From Net: NetName=GND Pin=IC7-38
Removed Pin From Net: NetName=VDD Pin=IC7-39
Removed Pin From Net: NetName=GND Pin=IC7-51
Removed Pin From Net: NetName=VDD Pin=IC7-52
Removed Pin From Net: NetName=GND Pin=IC7-61
Removed Pin From Net: NetName=VDD Pin=IC7-62
Removed Pin From Net: NetName=VDD Pin=IC7-71
Removed Pin From Net: NetName=VDD Pin=IC7-72
Removed Pin From Net: NetName=GND Pin=IC7-83
Removed Pin From Net: NetName=VDD Pin=IC7-84
Removed Pin From Net: NetName=GND Pin=IC7-94
Removed Pin From Net: NetName=VDD Pin=IC7-95
Removed Pin From Net: NetName=VDD Pin=IC7-106
Removed Pin From Net: NetName=GND Pin=IC7-107
Removed Pin From Net: NetName=VDD Pin=IC7-108
Removed Member From Class: ClassName=Designator Member=S1
Change Component Footprint: Designator=P2 Old Footprint=HEADER 4X2 FEM New Footprint=NRF24L01P+HEADER
Change Component Designator: OldDesignator=7Seg-Display NewDesignator=?
Change Component Designator: OldDesignator=C1 NewDesignator=C?
Change Component Designator: OldDesignator=C2 NewDesignator=C?
Change Component Designator: OldDesignator=C3 NewDesignator=C?
Change Component Designator: OldDesignator=C4 NewDesignator=C?
Change Component Designator: OldDesignator=C5 NewDesignator=C?
Change Component Designator: OldDesignator=C6 NewDesignator=C?
Change Component Designator: OldDesignator=C7 NewDesignator=C?
Change Component Designator: OldDesignator=C8 NewDesignator=C?
Change Component Designator: OldDesignator=C9 NewDesignator=C?
Change Component Designator: OldDesignator=C10 NewDesignator=C?
Change Component Designator: OldDesignator=C11 NewDesignator=C?
Change Component Designator: OldDesignator=C12 NewDesignator=C?
Change Component Designator: OldDesignator=C13 NewDesignator=C?
Change Component Designator: OldDesignator=C14 NewDesignator=C?
Change Component Designator: OldDesignator=C15 NewDesignator=C?
Change Component Designator: OldDesignator=C16 NewDesignator=C?
Change Component Designator: OldDesignator=C17 NewDesignator=C?
Change Component Designator: OldDesignator=C18 NewDesignator=C?
Change Component Designator: OldDesignator=C19 NewDesignator=C?
Change Component Designator: OldDesignator=C20 NewDesignator=C?
Change Component Designator: OldDesignator=C21 NewDesignator=C?
Change Component Designator: OldDesignator=C22 NewDesignator=C?
Change Component Designator: OldDesignator=C23 NewDesignator=C?
Change Component Designator: OldDesignator=C24 NewDesignator=C?
Change Component Designator: OldDesignator=C25 NewDesignator=C?
Change Component Designator: OldDesignator=C26 NewDesignator=C?
Change Component Designator: OldDesignator=C27 NewDesignator=C?
Change Component Designator: OldDesignator=C28 NewDesignator=C?
Change Component Designator: OldDesignator=C29 NewDesignator=C?
Change Component Designator: OldDesignator=C30 NewDesignator=C?
Change Component Designator: OldDesignator=C31 NewDesignator=C?
Change Component Designator: OldDesignator=CONN1 NewDesignator=CONN?
Change Component Designator: OldDesignator=D1 NewDesignator=D?
Change Component Designator: OldDesignator=D2 NewDesignator=D?
Change Component Designator: OldDesignator=D3 NewDesignator=D?
Change Component Designator: OldDesignator=D4 NewDesignator=D?
Change Component Designator: OldDesignator=D5 NewDesignator=D?
Change Component Designator: OldDesignator=D6 NewDesignator=D?
Change Component Designator: OldDesignator=D7 NewDesignator=D?
Change Component Designator: OldDesignator=D8 NewDesignator=D?
Change Component Designator: OldDesignator=D9 NewDesignator=D?
Change Component Designator: OldDesignator=IC1 NewDesignator=IC?
Change Component Designator: OldDesignator=IC2 NewDesignator=IC?
Change Component Designator: OldDesignator=IC3 NewDesignator=IC?
Change Component Designator: OldDesignator=IC4 NewDesignator=IC?
Change Component Designator: OldDesignator=IC5 NewDesignator=IC?
Change Component Designator: OldDesignator=IC6 NewDesignator=IC?
Change Component Designator: OldDesignator=IC7 NewDesignator=IC?
Change Component Designator: OldDesignator=P1 NewDesignator=P?
Change Component Designator: OldDesignator=P2 NewDesignator=P?
Change Component Designator: OldDesignator=P3 NewDesignator=P?
Change Component Designator: OldDesignator=R1 NewDesignator=R?
Change Component Designator: OldDesignator=R2 NewDesignator=R?
Change Component Designator: OldDesignator=R3 NewDesignator=R?
Change Component Designator: OldDesignator=S1 NewDesignator=S?
Change Component Designator: OldDesignator=S2 NewDesignator=S?
Change Component Designator: OldDesignator=S3 NewDesignator=S?
Change Component Designator: OldDesignator=T1 NewDesignator=T?
Change Component Designator: OldDesignator=Y1 NewDesignator=Y?
Change Component Designator: OldDesignator=Y2 NewDesignator=Y?
Added Component: Designator=IC?(LQFP-144)
Add component. Clean all parameters for all variants
Add component (AddParameter): Name = "Core"; Value = "ARM Cortex M7"; VariantName = "[No Variations]"
Add component (AddParameter): Name = "Mfr"; Value = "STMicroelectronics"; VariantName = "[No Variations]"
Add component (AddParameter): Name = "Mfr Nr"; Value = "STM32H743ZIT6"; VariantName = "[No Variations]"
Add component (AddParameter): Name = "Package"; Value = "LQFP-144"; VariantName = "[No Variations]"
Add component (AddParameter): Name = "Series"; Value = "STM32H743ZI"; VariantName = "[No Variations]"
Added Component: Designator=IC?(LQFP-144)
Add component. Clean all parameters for all variants
Add component (AddParameter): Name = "Core"; Value = "ARM Cortex M7"; VariantName = "[No Variations]"
Add component (AddParameter): Name = "Mfr"; Value = "STMicroelectronics"; VariantName = "[No Variations]"
Add component (AddParameter): Name = "Mfr Nr"; Value = "STM32H743ZIT6"; VariantName = "[No Variations]"
Add component (AddParameter): Name = "Package"; Value = "LQFP-144"; VariantName = "[No Variations]"
Add component (AddParameter): Name = "Series"; Value = "STM32H743ZI"; VariantName = "[No Variations]"
Added Component: Designator=IC?(LQFP-144)
Add component. Clean all parameters for all variants
Add component (AddParameter): Name = "Core"; Value = "ARM Cortex M7"; VariantName = "[No Variations]"
Add component (AddParameter): Name = "Mfr"; Value = "STMicroelectronics"; VariantName = "[No Variations]"
Add component (AddParameter): Name = "Mfr Nr"; Value = "STM32H743ZIT6"; VariantName = "[No Variations]"
Add component (AddParameter): Name = "Package"; Value = "LQFP-144"; VariantName = "[No Variations]"
Add component (AddParameter): Name = "Series"; Value = "STM32H743ZI"; VariantName = "[No Variations]"
Added Pin To Net: NetName=VDD Pin=IC?-6
Added Pin To Net: NetName=OSC32_IN Pin=IC?-8
Added Pin To Net: NetName=OSC32_OUT Pin=IC?-9
Added Pin To Net: NetName=GND Pin=IC?-16
Added Pin To Net: NetName=VDD Pin=IC?-17
Added Pin To Net: NetName=OSC25M_IN Pin=IC?-23
Added Pin To Net: NetName=OSC25M_OUT Pin=IC?-24
Added Pin To Net: NetName=NRST Pin=IC?-25
Added Pin To Net: NetName=VDD Pin=IC?-30
Added Pin To Net: NetName=GND Pin=IC?-31
Added Pin To Net: NetName=VDDA Pin=IC?-32
Added Pin To Net: NetName=VDDA Pin=IC?-33
Added Pin To Net: NetName=GND Pin=IC?-38
Added Pin To Net: NetName=VDD Pin=IC?-39
Added Pin To Net: NetName=GND Pin=IC?-51
Added Pin To Net: NetName=VDD Pin=IC?-52
Added Pin To Net: NetName=GND Pin=IC?-61
Added Pin To Net: NetName=VDD Pin=IC?-62
Added Pin To Net: NetName=VDD Pin=IC?-71
Added Pin To Net: NetName=VDD Pin=IC?-72
Added Pin To Net: NetName=GND Pin=IC?-83
Added Pin To Net: NetName=VDD Pin=IC?-84
Added Pin To Net: NetName=GND Pin=IC?-94
Added Pin To Net: NetName=VDD Pin=IC?-95
Added Pin To Net: NetName=VDD Pin=IC?-106
Added Pin To Net: NetName=GND Pin=IC?-107
Added Pin To Net: NetName=VDD Pin=IC?-108
Change Net Name : Old Net Name=NetC3_1 New Net Name=NetC?_1
Change Net Name : Old Net Name=NetD9_1 New Net Name=NetD?_1
Change Net Name : Old Net Name=NetIC2_8 New Net Name=NetIC?_8
Change Net Name : Old Net Name=NetIC2_9 New Net Name=NetIC?_9
Change Net Name : Old Net Name=NetIC2_10 New Net Name=NetIC?_10
Change Net Name : Old Net Name=NetIC2_11 New Net Name=NetIC?_11
Change Net Name : Old Net Name=NetIC5_3 New Net Name=NetIC?_3
Change Net Name : Old Net Name=NetR3_1 New Net Name=NetR?_1
Added Member To Class: ClassName=Designator Member=Component C? 1uF
Added Member To Class: ClassName=Logic ICs Member=Component D? 150060VS55040
Added Member To Class: ClassName=Designator Member=Component IC? STM32H743ZIT6
Added Member To Class: ClassName=Designator Member=Component IC? STM32H743ZIT6
Added Member To Class: ClassName=Designator Member=Component IC? STM32H743ZIT6
Added Member To Class: ClassName=Designator Member=Component R? 10K
Added Member To Class: ClassName=Designator Member=Component S? SK12F17G7
