Removed Pin From Net: NetName=GND Pin=C?-2
Removed Pin From Net: NetName=5V_1 Pin=P?-1
Removed Pin From Net: NetName=ADC3_INP8 Pin=P?-2
Removed Pin From Net: NetName=3V3_2 Pin=P?-3
Removed Pin From Net: NetName=SWCLK Pin=P?-8
Removed Pin From Net: NetName=OSC25M_IN Pin=Y?-1
Removed Pin From Net: NetName=GND Pin=Y?-2
Removed Pin From Net: NetName=OSC25M_OUT Pin=Y?-3
Removed Pin From Net: NetName=GND Pin=Y?-4
Removed Member From Class: ClassName=Connectors Member=C?
Removed Member From Class: ClassName=Designator Member=C?
Removed Member From Class: ClassName=Logic ICs Member=C?
Removed Member From Class: ClassName=Connectors Member=D?
Removed Member From Class: ClassName=Connectors Member=R?
Removed Member From Class: ClassName=Designator Member=R?
Removed Member From Class: ClassName=Logic ICs Member=R?
Removed Member From Class: ClassName=Designator Member=Y?
Change Component Comment : Designator=P? Old Comment=2X1 New Comment=4X2
Change Component Designator: OldDesignator=? NewDesignator=1
Change Component Designator: OldDesignator=C? NewDesignator=C1
Change Component Designator: OldDesignator=C? NewDesignator=C2
Change Component Designator: OldDesignator=C? NewDesignator=C3
Change Component Designator: OldDesignator=C? NewDesignator=C4
Change Component Designator: OldDesignator=C? NewDesignator=C5
Change Component Designator: OldDesignator=C? NewDesignator=C6
Change Component Designator: OldDesignator=C? NewDesignator=C7
Change Component Designator: OldDesignator=CONN? NewDesignator=CONN1
Change Component Designator: OldDesignator=D? NewDesignator=D1
Change Component Designator: OldDesignator=D? NewDesignator=D2
Change Component Designator: OldDesignator=D? NewDesignator=D3
Change Component Designator: OldDesignator=D? NewDesignator=D4
Change Component Designator: OldDesignator=D? NewDesignator=D5
Change Component Designator: OldDesignator=D? NewDesignator=D6
Change Component Designator: OldDesignator=D? NewDesignator=D7
Change Component Designator: OldDesignator=D? NewDesignator=D8
Change Component Designator: OldDesignator=D? NewDesignator=D9
Change Component Designator: OldDesignator=IC? NewDesignator=IC1
Change Component Designator: OldDesignator=IC? NewDesignator=IC2
Change Component Designator: OldDesignator=IC? NewDesignator=IC3
Change Component Designator: OldDesignator=IC? NewDesignator=IC4
Change Component Designator: OldDesignator=IC? NewDesignator=IC5
Change Component Designator: OldDesignator=IC? NewDesignator=IC6
Change Component Designator: OldDesignator=IC? NewDesignator=IC7
Change Component Designator: OldDesignator=LS? NewDesignator=LS1
Change Component Designator: OldDesignator=P? NewDesignator=P2
Change Component Designator: OldDesignator=P? NewDesignator=P3
Change Component Designator: OldDesignator=P? NewDesignator=P4
Change Component Designator: OldDesignator=R? NewDesignator=R1
Change Component Designator: OldDesignator=R? NewDesignator=R2
Change Component Designator: OldDesignator=R? NewDesignator=R3
Change Component Designator: OldDesignator=R? NewDesignator=R4
Change Component Designator: OldDesignator=R? NewDesignator=R5
Change Component Designator: OldDesignator=R? NewDesignator=R6
Change Component Designator: OldDesignator=R? NewDesignator=R7
Change Component Designator: OldDesignator=R? NewDesignator=R8
Change Component Designator: OldDesignator=R? NewDesignator=R9
Change Component Designator: OldDesignator=R? NewDesignator=R10
Change Component Designator: OldDesignator=R? NewDesignator=R11
Change Component Designator: OldDesignator=R? NewDesignator=R12
Change Component Designator: OldDesignator=R? NewDesignator=R13
Change Component Designator: OldDesignator=R? NewDesignator=R14
Change Component Designator: OldDesignator=R? NewDesignator=R15
Change Component Designator: OldDesignator=R? NewDesignator=R16
Change Component Designator: OldDesignator=R? NewDesignator=R17
Change Component Designator: OldDesignator=R? NewDesignator=R18
Change Component Designator: OldDesignator=R? NewDesignator=R19
Change Component Designator: OldDesignator=R? NewDesignator=R20
Change Component Designator: OldDesignator=R? NewDesignator=R21
Change Component Designator: OldDesignator=R? NewDesignator=R22
Change Component Designator: OldDesignator=R? NewDesignator=R23
Change Component Designator: OldDesignator=R? NewDesignator=R24
Change Component Designator: OldDesignator=S? NewDesignator=S1
Change Component Designator: OldDesignator=T? NewDesignator=T1
Change component parameters: Designator = "P2"; Footprint = "NRF24L01P+HEADER"; UniqueID = "\SIVJMNDN\XAVEQHXJ"
Change component parameters. Clean all parameters for all variants
Change component parameters (AddParameter): Name = "Contact Gender"; Value = "Socket (Female)"; VariantName = "[No Variations]"
Change component parameters (AddParameter): Name = "Mfr"; Value = "Harwin"; VariantName = "[No Variations]"
Change component parameters (AddParameter): Name = "Mfr Nr"; Value = "M20-7830446"; VariantName = "[No Variations]"
Change component parameters (AddParameter): Name = "Pitch"; Value = "2.54mm"; VariantName = "[No Variations]"
Change component parameters (AddParameter): Name = "Series"; Value = "M20"; VariantName = "[No Variations]"
Change component parameters (AddParameter): Name = "Type"; Value = "Socket Assembly"; VariantName = "[No Variations]"
Added Component: Designator=C8(CAP CER 0603)
Add component. Clean all parameters for all variants
Add component (AddParameter): Name = "Dimensions"; Value = "0603 (1608 metric)"; VariantName = "[No Variations]"
Add component (AddParameter): Name = "Mfr"; Value = "KEMET"; VariantName = "[No Variations]"
Add component (AddParameter): Name = "Mfr Nr"; Value = "C0603C120J5GAC"; VariantName = "[No Variations]"
Add component (AddParameter): Name = "Series"; Value = "SMD Comm C0G"; VariantName = "[No Variations]"
Add component (AddParameter): Name = "Type"; Value = "Ceramic Capacitor"; VariantName = "[No Variations]"
Add component (AddParameter): Name = "Value"; Value = "12pF"; VariantName = "[No Variations]"
Add component (AddParameter): Name = "Voltage Rating"; Value = "50V"; VariantName = "[No Variations]"
Added Component: Designator=C9(CAP CER 0603)
Add component. Clean all parameters for all variants
Add component (AddParameter): Name = "Dimensions"; Value = "0603 (1608 metric)"; VariantName = "[No Variations]"
Add component (AddParameter): Name = "Mfr"; Value = "KEMET"; VariantName = "[No Variations]"
Add component (AddParameter): Name = "Mfr Nr"; Value = "C0603C120J5GAC"; VariantName = "[No Variations]"
Add component (AddParameter): Name = "Series"; Value = "SMD Comm C0G"; VariantName = "[No Variations]"
Add component (AddParameter): Name = "Type"; Value = "Ceramic Capacitor"; VariantName = "[No Variations]"
Add component (AddParameter): Name = "Value"; Value = "12pF"; VariantName = "[No Variations]"
Add component (AddParameter): Name = "Voltage Rating"; Value = "50V"; VariantName = "[No Variations]"
Added Component: Designator=C10(CAP CER 0603)
Add component. Clean all parameters for all variants
Add component (AddParameter): Name = "Dimensions"; Value = "0603 (1608 metric)"; VariantName = "[No Variations]"
Add component (AddParameter): Name = "Mfr"; Value = "KEMET"; VariantName = "[No Variations]"
Add component (AddParameter): Name = "Mfr Nr"; Value = "C0603C104Z3VACTU"; VariantName = "[No Variations]"
Add component (AddParameter): Name = "Series"; Value = "SMD Comm Y5V"; VariantName = "[No Variations]"
Add component (AddParameter): Name = "Type"; Value = "Ceramic Capacitor"; VariantName = "[No Variations]"
Add component (AddParameter): Name = "Value"; Value = "100nF"; VariantName = "[No Variations]"
Add component (AddParameter): Name = "Voltage Rating"; Value = "25V"; VariantName = "[No Variations]"
Added Component: Designator=C11(CAP CER 0603)
Add component. Clean all parameters for all variants
Add component (AddParameter): Name = "Dimensions"; Value = "0603 (1608 metric)"; VariantName = "[No Variations]"
Add component (AddParameter): Name = "Mfr"; Value = "KEMET"; VariantName = "[No Variations]"
Add component (AddParameter): Name = "Mfr Nr"; Value = "C0603C120J5GAC"; VariantName = "[No Variations]"
Add component (AddParameter): Name = "Series"; Value = "SMD Comm C0G"; VariantName = "[No Variations]"
Add component (AddParameter): Name = "Type"; Value = "Ceramic Capacitor"; VariantName = "[No Variations]"
Add component (AddParameter): Name = "Value"; Value = "12pF"; VariantName = "[No Variations]"
Add component (AddParameter): Name = "Voltage Rating"; Value = "50V"; VariantName = "[No Variations]"
Added Component: Designator=C12(CAP CER 0603)
Add component. Clean all parameters for all variants
Add component (AddParameter): Name = "Dimensions"; Value = "0603 (1608 metric)"; VariantName = "[No Variations]"
Add component (AddParameter): Name = "Mfr"; Value = "KEMET"; VariantName = "[No Variations]"
Add component (AddParameter): Name = "Mfr Nr"; Value = "C0603C120J5GAC"; VariantName = "[No Variations]"
Add component (AddParameter): Name = "Series"; Value = "SMD Comm C0G"; VariantName = "[No Variations]"
Add component (AddParameter): Name = "Type"; Value = "Ceramic Capacitor"; VariantName = "[No Variations]"
Add component (AddParameter): Name = "Value"; Value = "12pF"; VariantName = "[No Variations]"
Add component (AddParameter): Name = "Voltage Rating"; Value = "50V"; VariantName = "[No Variations]"
Added Component: Designator=C13(CAP CER 0603)
Add component. Clean all parameters for all variants
Add component (AddParameter): Name = "Dimensions"; Value = "0603 (1608 metric)"; VariantName = "[No Variations]"
Add component (AddParameter): Name = "Mfr"; Value = "KEMET"; VariantName = "[No Variations]"
Add component (AddParameter): Name = "Mfr Nr"; Value = "C0603C105K3PAC7411"; VariantName = "[No Variations]"
Add component (AddParameter): Name = "Series"; Value = "SMD Comm X5R"; VariantName = "[No Variations]"
Add component (AddParameter): Name = "Type"; Value = "Ceramic Capacitor"; VariantName = "[No Variations]"
Add component (AddParameter): Name = "Value"; Value = "1uF"; VariantName = "[No Variations]"
Add component (AddParameter): Name = "Voltage Rating"; Value = "25V"; VariantName = "[No Variations]"
Added Component: Designator=C14(CAP CER 0603)
Add component. Clean all parameters for all variants
Add component (AddParameter): Name = "Dimensions"; Value = "0603 (1608 metric)"; VariantName = "[No Variations]"
Add component (AddParameter): Name = "Mfr"; Value = "KEMET"; VariantName = "[No Variations]"
Add component (AddParameter): Name = "Mfr Nr"; Value = "C0603C104Z3VACTU"; VariantName = "[No Variations]"
Add component (AddParameter): Name = "Series"; Value = "SMD Comm Y5V"; VariantName = "[No Variations]"
Add component (AddParameter): Name = "Type"; Value = "Ceramic Capacitor"; VariantName = "[No Variations]"
Add component (AddParameter): Name = "Value"; Value = "100nF"; VariantName = "[No Variations]"
Add component (AddParameter): Name = "Voltage Rating"; Value = "25V"; VariantName = "[No Variations]"
Added Component: Designator=C15(CAP CER 0603)
Add component. Clean all parameters for all variants
Add component (AddParameter): Name = "Dimensions"; Value = "0603 (1608 metric)"; VariantName = "[No Variations]"
Add component (AddParameter): Name = "Mfr"; Value = "KEMET"; VariantName = "[No Variations]"
Add component (AddParameter): Name = "Mfr Nr"; Value = "C0603C105K3PAC7411"; VariantName = "[No Variations]"
Add component (AddParameter): Name = "Series"; Value = "SMD Comm X5R"; VariantName = "[No Variations]"
Add component (AddParameter): Name = "Type"; Value = "Ceramic Capacitor"; VariantName = "[No Variations]"
Add component (AddParameter): Name = "Value"; Value = "1uF"; VariantName = "[No Variations]"
Add component (AddParameter): Name = "Voltage Rating"; Value = "25V"; VariantName = "[No Variations]"
Added Component: Designator=C16(CAP CER 0603)
Add component. Clean all parameters for all variants
Add component (AddParameter): Name = "Dimensions"; Value = "0603 (1608 metric)"; VariantName = "[No Variations]"
Add component (AddParameter): Name = "Mfr"; Value = "KEMET"; VariantName = "[No Variations]"
Add component (AddParameter): Name = "Mfr Nr"; Value = "C0603C104Z3VACTU"; VariantName = "[No Variations]"
Add component (AddParameter): Name = "Series"; Value = "SMD Comm Y5V"; VariantName = "[No Variations]"
Add component (AddParameter): Name = "Type"; Value = "Ceramic Capacitor"; VariantName = "[No Variations]"
Add component (AddParameter): Name = "Value"; Value = "100nF"; VariantName = "[No Variations]"
Add component (AddParameter): Name = "Voltage Rating"; Value = "25V"; VariantName = "[No Variations]"
Added Component: Designator=C17(CAP CER 0603)
Add component. Clean all parameters for all variants
Add component (AddParameter): Name = "Dimensions"; Value = "0603 (1608 metric)"; VariantName = "[No Variations]"
Add component (AddParameter): Name = "Mfr"; Value = "TDK"; VariantName = "[No Variations]"
Add component (AddParameter): Name = "Mfr Nr"; Value = "C1608X5R0J106K080AE"; VariantName = "[No Variations]"
Add component (AddParameter): Name = "Series"; Value = "C"; VariantName = "[No Variations]"
Add component (AddParameter): Name = "Type"; Value = "Ceramic Capacitor"; VariantName = "[No Variations]"
Add component (AddParameter): Name = "Value"; Value = "10uF"; VariantName = "[No Variations]"
Add component (AddParameter): Name = "Voltage Rating"; Value = "6.3V"; VariantName = "[No Variations]"
Added Component: Designator=C18(CAP CER 0603)
Add component. Clean all parameters for all variants
Add component (AddParameter): Name = "Dimensions"; Value = "0603 (1608 metric)"; VariantName = "[No Variations]"
Add component (AddParameter): Name = "Mfr"; Value = "KEMET"; VariantName = "[No Variations]"
Add component (AddParameter): Name = "Mfr Nr"; Value = "C0603C104Z3VACTU"; VariantName = "[No Variations]"
Add component (AddParameter): Name = "Series"; Value = "SMD Comm Y5V"; VariantName = "[No Variations]"
Add component (AddParameter): Name = "Type"; Value = "Ceramic Capacitor"; VariantName = "[No Variations]"
Add component (AddParameter): Name = "Value"; Value = "100nF"; VariantName = "[No Variations]"
Add component (AddParameter): Name = "Voltage Rating"; Value = "25V"; VariantName = "[No Variations]"
Added Component: Designator=C19(CAP CER 0603)
Add component. Clean all parameters for all variants
Add component (AddParameter): Name = "Dimensions"; Value = "0603 (1608 metric)"; VariantName = "[No Variations]"
Add component (AddParameter): Name = "Mfr"; Value = "KEMET"; VariantName = "[No Variations]"
Add component (AddParameter): Name = "Mfr Nr"; Value = "C0603C104Z3VACTU"; VariantName = "[No Variations]"
Add component (AddParameter): Name = "Series"; Value = "SMD Comm Y5V"; VariantName = "[No Variations]"
Add component (AddParameter): Name = "Type"; Value = "Ceramic Capacitor"; VariantName = "[No Variations]"
Add component (AddParameter): Name = "Value"; Value = "100nF"; VariantName = "[No Variations]"
Add component (AddParameter): Name = "Voltage Rating"; Value = "25V"; VariantName = "[No Variations]"
Added Component: Designator=C20(CAP CER 0603)
Add component. Clean all parameters for all variants
Add component (AddParameter): Name = "Dimensions"; Value = "0603 (1608 metric)"; VariantName = "[No Variations]"
Add component (AddParameter): Name = "Mfr"; Value = "KEMET"; VariantName = "[No Variations]"
Add component (AddParameter): Name = "Mfr Nr"; Value = "C0603C104Z3VACTU"; VariantName = "[No Variations]"
Add component (AddParameter): Name = "Series"; Value = "SMD Comm Y5V"; VariantName = "[No Variations]"
Add component (AddParameter): Name = "Type"; Value = "Ceramic Capacitor"; VariantName = "[No Variations]"
Add component (AddParameter): Name = "Value"; Value = "100nF"; VariantName = "[No Variations]"
Add component (AddParameter): Name = "Voltage Rating"; Value = "25V"; VariantName = "[No Variations]"
Added Component: Designator=C21(CAP CER 0603)
Add component. Clean all parameters for all variants
Add component (AddParameter): Name = "Dimensions"; Value = "0603 (1608 metric)"; VariantName = "[No Variations]"
Add component (AddParameter): Name = "Mfr"; Value = "KEMET"; VariantName = "[No Variations]"
Add component (AddParameter): Name = "Mfr Nr"; Value = "C0603C104Z3VACTU"; VariantName = "[No Variations]"
Add component (AddParameter): Name = "Series"; Value = "SMD Comm Y5V"; VariantName = "[No Variations]"
Add component (AddParameter): Name = "Type"; Value = "Ceramic Capacitor"; VariantName = "[No Variations]"
Add component (AddParameter): Name = "Value"; Value = "100nF"; VariantName = "[No Variations]"
Add component (AddParameter): Name = "Voltage Rating"; Value = "25V"; VariantName = "[No Variations]"
Added Component: Designator=C22(CAP CER 0603)
Add component. Clean all parameters for all variants
Add component (AddParameter): Name = "Dimensions"; Value = "0603 (1608 metric)"; VariantName = "[No Variations]"
Add component (AddParameter): Name = "Mfr"; Value = "KEMET"; VariantName = "[No Variations]"
Add component (AddParameter): Name = "Mfr Nr"; Value = "C0603C104Z3VACTU"; VariantName = "[No Variations]"
Add component (AddParameter): Name = "Series"; Value = "SMD Comm Y5V"; VariantName = "[No Variations]"
Add component (AddParameter): Name = "Type"; Value = "Ceramic Capacitor"; VariantName = "[No Variations]"
Add component (AddParameter): Name = "Value"; Value = "100nF"; VariantName = "[No Variations]"
Add component (AddParameter): Name = "Voltage Rating"; Value = "25V"; VariantName = "[No Variations]"
Added Component: Designator=C23(CAP CER 0603)
Add component. Clean all parameters for all variants
Add component (AddParameter): Name = "Dimensions"; Value = "0603 (1608 metric)"; VariantName = "[No Variations]"
Add component (AddParameter): Name = "Mfr"; Value = "KEMET"; VariantName = "[No Variations]"
Add component (AddParameter): Name = "Mfr Nr"; Value = "C0603C104Z3VACTU"; VariantName = "[No Variations]"
Add component (AddParameter): Name = "Series"; Value = "SMD Comm Y5V"; VariantName = "[No Variations]"
Add component (AddParameter): Name = "Type"; Value = "Ceramic Capacitor"; VariantName = "[No Variations]"
Add component (AddParameter): Name = "Value"; Value = "100nF"; VariantName = "[No Variations]"
Add component (AddParameter): Name = "Voltage Rating"; Value = "25V"; VariantName = "[No Variations]"
Added Component: Designator=C24(CAP CER 0603)
Add component. Clean all parameters for all variants
Add component (AddParameter): Name = "Dimensions"; Value = "0603 (1608 metric)"; VariantName = "[No Variations]"
Add component (AddParameter): Name = "Mfr"; Value = "KEMET"; VariantName = "[No Variations]"
Add component (AddParameter): Name = "Mfr Nr"; Value = "C0603C104Z3VACTU"; VariantName = "[No Variations]"
Add component (AddParameter): Name = "Series"; Value = "SMD Comm Y5V"; VariantName = "[No Variations]"
Add component (AddParameter): Name = "Type"; Value = "Ceramic Capacitor"; VariantName = "[No Variations]"
Add component (AddParameter): Name = "Value"; Value = "100nF"; VariantName = "[No Variations]"
Add component (AddParameter): Name = "Voltage Rating"; Value = "25V"; VariantName = "[No Variations]"
Added Component: Designator=C25(CAP CER 0603)
Add component. Clean all parameters for all variants
Add component (AddParameter): Name = "Dimensions"; Value = "0603 (1608 metric)"; VariantName = "[No Variations]"
Add component (AddParameter): Name = "Mfr"; Value = "KEMET"; VariantName = "[No Variations]"
Add component (AddParameter): Name = "Mfr Nr"; Value = "C0603C104Z3VACTU"; VariantName = "[No Variations]"
Add component (AddParameter): Name = "Series"; Value = "SMD Comm Y5V"; VariantName = "[No Variations]"
Add component (AddParameter): Name = "Type"; Value = "Ceramic Capacitor"; VariantName = "[No Variations]"
Add component (AddParameter): Name = "Value"; Value = "100nF"; VariantName = "[No Variations]"
Add component (AddParameter): Name = "Voltage Rating"; Value = "25V"; VariantName = "[No Variations]"
Added Component: Designator=C26(CAP CER 0603)
Add component. Clean all parameters for all variants
Add component (AddParameter): Name = "Dimensions"; Value = "0603 (1608 metric)"; VariantName = "[No Variations]"
Add component (AddParameter): Name = "Mfr"; Value = "KEMET"; VariantName = "[No Variations]"
Add component (AddParameter): Name = "Mfr Nr"; Value = "C0603C104Z3VACTU"; VariantName = "[No Variations]"
Add component (AddParameter): Name = "Series"; Value = "SMD Comm Y5V"; VariantName = "[No Variations]"
Add component (AddParameter): Name = "Type"; Value = "Ceramic Capacitor"; VariantName = "[No Variations]"
Add component (AddParameter): Name = "Value"; Value = "100nF"; VariantName = "[No Variations]"
Add component (AddParameter): Name = "Voltage Rating"; Value = "25V"; VariantName = "[No Variations]"
Added Component: Designator=C27(CAP CER 0603)
Add component. Clean all parameters for all variants
Add component (AddParameter): Name = "Dimensions"; Value = "0603 (1608 metric)"; VariantName = "[No Variations]"
Add component (AddParameter): Name = "Mfr"; Value = "KEMET"; VariantName = "[No Variations]"
Add component (AddParameter): Name = "Mfr Nr"; Value = "C0603C104Z3VACTU"; VariantName = "[No Variations]"
Add component (AddParameter): Name = "Series"; Value = "SMD Comm Y5V"; VariantName = "[No Variations]"
Add component (AddParameter): Name = "Type"; Value = "Ceramic Capacitor"; VariantName = "[No Variations]"
Add component (AddParameter): Name = "Value"; Value = "100nF"; VariantName = "[No Variations]"
Add component (AddParameter): Name = "Voltage Rating"; Value = "25V"; VariantName = "[No Variations]"
Added Component: Designator=C28(CAP CER 0603)
Add component. Clean all parameters for all variants
Add component (AddParameter): Name = "Dimensions"; Value = "0603 (1608 metric)"; VariantName = "[No Variations]"
Add component (AddParameter): Name = "Mfr"; Value = "KEMET"; VariantName = "[No Variations]"
Add component (AddParameter): Name = "Mfr Nr"; Value = "C0603C104Z3VACTU"; VariantName = "[No Variations]"
Add component (AddParameter): Name = "Series"; Value = "SMD Comm Y5V"; VariantName = "[No Variations]"
Add component (AddParameter): Name = "Type"; Value = "Ceramic Capacitor"; VariantName = "[No Variations]"
Add component (AddParameter): Name = "Value"; Value = "100nF"; VariantName = "[No Variations]"
Add component (AddParameter): Name = "Voltage Rating"; Value = "25V"; VariantName = "[No Variations]"
Added Component: Designator=C29(CAP CER 0603)
Add component. Clean all parameters for all variants
Add component (AddParameter): Name = "Dimensions"; Value = "0603 (1608 metric)"; VariantName = "[No Variations]"
Add component (AddParameter): Name = "Mfr"; Value = "KEMET"; VariantName = "[No Variations]"
Add component (AddParameter): Name = "Mfr Nr"; Value = "C0603C104Z3VACTU"; VariantName = "[No Variations]"
Add component (AddParameter): Name = "Series"; Value = "SMD Comm Y5V"; VariantName = "[No Variations]"
Add component (AddParameter): Name = "Type"; Value = "Ceramic Capacitor"; VariantName = "[No Variations]"
Add component (AddParameter): Name = "Value"; Value = "100nF"; VariantName = "[No Variations]"
Add component (AddParameter): Name = "Voltage Rating"; Value = "25V"; VariantName = "[No Variations]"
Added Component: Designator=C30(CAP CER 0603)
Add component. Clean all parameters for all variants
Add component (AddParameter): Name = "Dimensions"; Value = "0603 (1608 metric)"; VariantName = "[No Variations]"
Add component (AddParameter): Name = "Mfr"; Value = "KEMET"; VariantName = "[No Variations]"
Add component (AddParameter): Name = "Mfr Nr"; Value = "C0603C104Z3VACTU"; VariantName = "[No Variations]"
Add component (AddParameter): Name = "Series"; Value = "SMD Comm Y5V"; VariantName = "[No Variations]"
Add component (AddParameter): Name = "Type"; Value = "Ceramic Capacitor"; VariantName = "[No Variations]"
Add component (AddParameter): Name = "Value"; Value = "100nF"; VariantName = "[No Variations]"
Add component (AddParameter): Name = "Voltage Rating"; Value = "25V"; VariantName = "[No Variations]"
Added Component: Designator=C31(CAP CER 0603)
Add component. Clean all parameters for all variants
Add component (AddParameter): Name = "Dimensions"; Value = "0603 (1608 metric)"; VariantName = "[No Variations]"
Add component (AddParameter): Name = "Mfr"; Value = "KEMET"; VariantName = "[No Variations]"
Add component (AddParameter): Name = "Mfr Nr"; Value = "C0603C104Z3VACTU"; VariantName = "[No Variations]"
Add component (AddParameter): Name = "Series"; Value = "SMD Comm Y5V"; VariantName = "[No Variations]"
Add component (AddParameter): Name = "Type"; Value = "Ceramic Capacitor"; VariantName = "[No Variations]"
Add component (AddParameter): Name = "Value"; Value = "100nF"; VariantName = "[No Variations]"
Add component (AddParameter): Name = "Voltage Rating"; Value = "25V"; VariantName = "[No Variations]"
Added Component: Designator=C32(CAP CER 0603)
Add component. Clean all parameters for all variants
Add component (AddParameter): Name = "Dimensions"; Value = "0603 (1608 metric)"; VariantName = "[No Variations]"
Add component (AddParameter): Name = "Mfr"; Value = "KEMET"; VariantName = "[No Variations]"
Add component (AddParameter): Name = "Mfr Nr"; Value = "C0603C104Z3VACTU"; VariantName = "[No Variations]"
Add component (AddParameter): Name = "Series"; Value = "SMD Comm Y5V"; VariantName = "[No Variations]"
Add component (AddParameter): Name = "Type"; Value = "Ceramic Capacitor"; VariantName = "[No Variations]"
Add component (AddParameter): Name = "Value"; Value = "100nF"; VariantName = "[No Variations]"
Add component (AddParameter): Name = "Voltage Rating"; Value = "25V"; VariantName = "[No Variations]"
Added Component: Designator=C33(CAP CER 0603)
Add component. Clean all parameters for all variants
Add component (AddParameter): Name = "Dimensions"; Value = "0603 (1608 metric)"; VariantName = "[No Variations]"
Add component (AddParameter): Name = "Mfr"; Value = "KEMET"; VariantName = "[No Variations]"
Add component (AddParameter): Name = "Mfr Nr"; Value = "C0603C104Z3VACTU"; VariantName = "[No Variations]"
Add component (AddParameter): Name = "Series"; Value = "SMD Comm Y5V"; VariantName = "[No Variations]"
Add component (AddParameter): Name = "Type"; Value = "Ceramic Capacitor"; VariantName = "[No Variations]"
Add component (AddParameter): Name = "Value"; Value = "100nF"; VariantName = "[No Variations]"
Add component (AddParameter): Name = "Voltage Rating"; Value = "25V"; VariantName = "[No Variations]"
Added Component: Designator=IC8(LQFP-144)
Add component. Clean all parameters for all variants
Add component (AddParameter): Name = "Core"; Value = "ARM Cortex M7"; VariantName = "[No Variations]"
Add component (AddParameter): Name = "Mfr"; Value = "STMicroelectronics"; VariantName = "[No Variations]"
Add component (AddParameter): Name = "Mfr Nr"; Value = "STM32H743ZIT6"; VariantName = "[No Variations]"
Add component (AddParameter): Name = "Package"; Value = "LQFP-144"; VariantName = "[No Variations]"
Add component (AddParameter): Name = "Series"; Value = "STM32H743ZI"; VariantName = "[No Variations]"
Added Component: Designator=P1(HEADER 5X2 MALE)
Add component. Clean all parameters for all variants
Added Component: Designator=P5(HEADER 3X1 MALE)
Add component. Clean all parameters for all variants
Add component (AddParameter): Name = "Mfr Nr"; Value = "M20-9770346"; VariantName = "[No Variations]"
Added Component: Designator=P6(HEADER 3X1 MALE)
Add component. Clean all parameters for all variants
Add component (AddParameter): Name = "Mfr Nr"; Value = "M20-9770346"; VariantName = "[No Variations]"
Added Component: Designator=P7(HEADER 6X1 MALE)
Add component. Clean all parameters for all variants
Added Component: Designator=P10(HEADER 4X1 MALE)
Add component. Clean all parameters for all variants
Add component (AddParameter): Name = "Contact Gender"; Value = "Pin (Male)"; VariantName = "[No Variations]"
Add component (AddParameter): Name = "Mfr"; Value = "TE Connectivity / AMP"; VariantName = "[No Variations]"
Add component (AddParameter): Name = "Mfr Nr"; Value = "826926-4"; VariantName = "[No Variations]"
Add component (AddParameter): Name = "Pitch"; Value = "2.54mm"; VariantName = "[No Variations]"
Add component (AddParameter): Name = "Series"; Value = "AMPMODU MOD II"; VariantName = "[No Variations]"
Add component (AddParameter): Name = "Type"; Value = "Breakaway"; VariantName = "[No Variations]"
Added Component: Designator=P13(HEADER 6X1 MALE)
Add component. Clean all parameters for all variants
Added Component: Designator=P14(HEADER 12X2 MALE)
Add component. Clean all parameters for all variants
Added Component: Designator=P15(HEADER 12X2 MALE)
Add component. Clean all parameters for all variants
Added Component: Designator=P16(HEADER 5X2 MALE)
Add component. Clean all parameters for all variants
Added Component: Designator=P17(HEADER 3X1 MALE)
Add component. Clean all parameters for all variants
Add component (AddParameter): Name = "Mfr Nr"; Value = "M20-9770346"; VariantName = "[No Variations]"
Added Component: Designator=R25(RES SMD 0603)
Add component. Clean all parameters for all variants
Add component (AddParameter): Name = "Dimensions"; Value = "0603 (1608 metric)"; VariantName = "[No Variations]"
Add component (AddParameter): Name = "Mfr"; Value = "Vishay / Dale"; VariantName = "[No Variations]"
Add component (AddParameter): Name = "Mfr Nr"; Value = "CRCW060310K0FKEAC"; VariantName = "[No Variations]"
Add component (AddParameter): Name = "Power Rating"; Value = "1/10 W"; VariantName = "[No Variations]"
Add component (AddParameter): Name = "Value"; Value = "10K"; VariantName = "[No Variations]"
Added Component: Designator=R26(RES SMD 0603)
Add component. Clean all parameters for all variants
Added Component: Designator=R27(RES SMD 0603)
Add component. Clean all parameters for all variants
Added Component: Designator=R28(RES SMD 0603)
Add component. Clean all parameters for all variants
Add component (AddParameter): Name = "Dimensions"; Value = "0603 (1608 metric)"; VariantName = "[No Variations]"
Add component (AddParameter): Name = "Mfr"; Value = "Vishay / Dale"; VariantName = "[No Variations]"
Add component (AddParameter): Name = "Mfr Nr"; Value = "CRCW060310K0FKEAC"; VariantName = "[No Variations]"
Add component (AddParameter): Name = "Power Rating"; Value = "1/10 W"; VariantName = "[No Variations]"
Add component (AddParameter): Name = "Value"; Value = "10K"; VariantName = "[No Variations]"
Added Component: Designator=S2(TACT-SWITCH-6X6X5)
Add component. Clean all parameters for all variants
Add component (AddParameter): Name = "Contact Form"; Value = "SPST"; VariantName = "[No Variations]"
Add component (AddParameter): Name = "Current Rating"; Value = "50 mA"; VariantName = "[No Variations]"
Add component (AddParameter): Name = "Mfr"; Value = "ALPS"; VariantName = "[No Variations]"
Add component (AddParameter): Name = "Mfr Nr"; Value = "SKHHAMA010"; VariantName = "[No Variations]"
Add component (AddParameter): Name = "Series"; Value = "SKHH"; VariantName = "[No Variations]"
Add component (AddParameter): Name = "Type"; Value = "Tactile Switch"; VariantName = "[No Variations]"
Add component (AddParameter): Name = "Voltage Rating"; Value = "12 VDC"; VariantName = "[No Variations]"
Added Component: Designator=Y1(XTAL-200X160)
Add component. Clean all parameters for all variants
Add component (AddParameter): Name = "ESR"; Value = "80 Ohms"; VariantName = "[No Variations]"
Add component (AddParameter): Name = "Frequency"; Value = "25 MHz"; VariantName = "[No Variations]"
Add component (AddParameter): Name = "Load Capacitance"; Value = "9 pF"; VariantName = "[No Variations]"
Add component (AddParameter): Name = "Mfr"; Value = "Epson Timing"; VariantName = "[No Variations]"
Add component (AddParameter): Name = "Mfr Nr"; Value = "FA-128  25.0000MF10Z-AC"; VariantName = "[No Variations]"
Add component (AddParameter): Name = "Package"; Value = "2 mm x 1.6 mm"; VariantName = "[No Variations]"
Add component (AddParameter): Name = "Series"; Value = "FA-128"; VariantName = "[No Variations]"
Add component (AddParameter): Name = "Tolerance"; Value = "10 PPM"; VariantName = "[No Variations]"
Added Component: Designator=Y2(XTAL-200X120)
Add component. Clean all parameters for all variants
Add component (AddParameter): Name = "ESR"; Value = "90 kOhms"; VariantName = "[No Variations]"
Add component (AddParameter): Name = "Frequency"; Value = "32.768 kHz"; VariantName = "[No Variations]"
Add component (AddParameter): Name = "Load Capacitance"; Value = "9 pF"; VariantName = "[No Variations]"
Add component (AddParameter): Name = "Mfr"; Value = "ABRACON"; VariantName = "[No Variations]"
Add component (AddParameter): Name = "Mfr Nr"; Value = "ABS06-32.768KHZ-9-T"; VariantName = "[No Variations]"
Add component (AddParameter): Name = "Package"; Value = "2 mm x 1.6 mm"; VariantName = "[No Variations]"
Add component (AddParameter): Name = "Series"; Value = "ABS06"; VariantName = "[No Variations]"
Add component (AddParameter): Name = "Tolerance"; Value = "20 PPM"; VariantName = "[No Variations]"
Added Pin To Net: NetName=GND Pin=C8-1
Added Pin To Net: NetName=OSC25M_IN Pin=C8-2
Added Pin To Net: NetName=OSC25M_OUT Pin=C9-1
Added Pin To Net: NetName=GND Pin=C9-2
Added Pin To Net: NetName=GND Pin=C10-1
Added Pin To Net: NetName=NRST Pin=C10-2
Added Pin To Net: NetName=GND Pin=C11-1
Added Pin To Net: NetName=OSC32_IN Pin=C11-2
Added Pin To Net: NetName=OSC32_OUT Pin=C12-1
Added Pin To Net: NetName=GND Pin=C12-2
Added Pin To Net: NetName=VDDA Pin=C13-1
Added Pin To Net: NetName=GND Pin=C13-2
Added Pin To Net: NetName=VDDA Pin=C14-1
Added Pin To Net: NetName=GND Pin=C14-2
Added Pin To Net: NetName=VDD Pin=C15-1
Added Pin To Net: NetName=GND Pin=C15-2
Added Pin To Net: NetName=VDD Pin=C16-1
Added Pin To Net: NetName=GND Pin=C16-2
Added Pin To Net: NetName=VDD Pin=C17-1
Added Pin To Net: NetName=GND Pin=C17-2
Added Pin To Net: NetName=VDD Pin=C18-1
Added Pin To Net: NetName=GND Pin=C18-2
Added Pin To Net: NetName=VDD Pin=C19-1
Added Pin To Net: NetName=GND Pin=C19-2
Added Pin To Net: NetName=VDD Pin=C20-1
Added Pin To Net: NetName=GND Pin=C20-2
Added Pin To Net: NetName=VDD Pin=C21-1
Added Pin To Net: NetName=GND Pin=C21-2
Added Pin To Net: NetName=VDD Pin=C22-1
Added Pin To Net: NetName=GND Pin=C22-2
Added Pin To Net: NetName=VDD Pin=C23-1
Added Pin To Net: NetName=GND Pin=C23-2
Added Pin To Net: NetName=VDD Pin=C24-1
Added Pin To Net: NetName=GND Pin=C24-2
Added Pin To Net: NetName=VDD Pin=C25-1
Added Pin To Net: NetName=GND Pin=C25-2
Added Pin To Net: NetName=VDD Pin=C26-1
Added Pin To Net: NetName=GND Pin=C26-2
Added Pin To Net: NetName=VDD Pin=C27-1
Added Pin To Net: NetName=GND Pin=C27-2
Added Pin To Net: NetName=VDD Pin=C28-1
Added Pin To Net: NetName=GND Pin=C28-2
Added Pin To Net: NetName=VDD Pin=C29-1
Added Pin To Net: NetName=GND Pin=C29-2
Added Pin To Net: NetName=VDD Pin=C30-1
Added Pin To Net: NetName=GND Pin=C30-2
Added Pin To Net: NetName=VDD Pin=C31-1
Added Pin To Net: NetName=GND Pin=C31-2
Added Pin To Net: NetName=VDD Pin=C32-1
Added Pin To Net: NetName=GND Pin=C32-2
Added Pin To Net: NetName=VDD Pin=C33-1
Added Pin To Net: NetName=GND Pin=C33-2
Added Pin To Net: NetName=SPI4_SCK Pin=IC8-1
Added Pin To Net: NetName=TIM15_CH1 Pin=IC8-4
Added Pin To Net: NetName=TIM15_CH2 Pin=IC8-5
Added Pin To Net: NetName=VDD Pin=IC8-6
Added Pin To Net: NetName=OSC32_IN Pin=IC8-8
Added Pin To Net: NetName=OSC32_OUT Pin=IC8-9
Added Pin To Net: NetName=ADC3_INP9 Pin=IC8-14
Added Pin To Net: NetName=GND Pin=IC8-16
Added Pin To Net: NetName=VDD Pin=IC8-17
Added Pin To Net: NetName=ADC3_INP8 Pin=IC8-18
Added Pin To Net: NetName=ADC3_INP7 Pin=IC8-20
Added Pin To Net: NetName=ADC3_INP6 Pin=IC8-22
Added Pin To Net: NetName=OSC25M_IN Pin=IC8-23
Added Pin To Net: NetName=OSC25M_OUT Pin=IC8-24
Added Pin To Net: NetName=NRST Pin=IC8-25
Added Pin To Net: NetName=SPI2_MOSI Pin=IC8-27
Added Pin To Net: NetName=SDI2 Pin=IC8-28
Added Pin To Net: NetName=VDD Pin=IC8-30
Added Pin To Net: NetName=GND Pin=IC8-31
Added Pin To Net: NetName=VDDA Pin=IC8-32
Added Pin To Net: NetName=VDDA Pin=IC8-33
Added Pin To Net: NetName=GND Pin=IC8-38
Added Pin To Net: NetName=VDD Pin=IC8-39
Added Pin To Net: NetName=SCLK1 Pin=IC8-41
Added Pin To Net: NetName=SDI1 Pin=IC8-43
Added Pin To Net: NetName=ADC2_INP8 Pin=IC8-45
Added Pin To Net: NetName=ADC2_INP9 Pin=IC8-46
Added Pin To Net: NetName=ADC1_INP6 Pin=IC8-50
Added Pin To Net: NetName=GND Pin=IC8-51
Added Pin To Net: NetName=VDD Pin=IC8-52
Added Pin To Net: NetName=ADC2_INP6 Pin=IC8-54
Added Pin To Net: NetName=GND Pin=IC8-61
Added Pin To Net: NetName=VDD Pin=IC8-62
Added Pin To Net: NetName=SPI4_MISO Pin=IC8-66
Added Pin To Net: NetName=SPI4_MOSI Pin=IC8-67
Added Pin To Net: NetName=SCLK2 Pin=IC8-69
Added Pin To Net: NetName=VDD Pin=IC8-71
Added Pin To Net: NetName=VDD Pin=IC8-72
Added Pin To Net: NetName=UART5_RX Pin=IC8-73
Added Pin To Net: NetName=UART5_TX Pin=IC8-74
Added Pin To Net: NetName=LED3_R Pin=IC8-75
Added Pin To Net: NetName=TIM12_CH2 Pin=IC8-76
Added Pin To Net: NetName=STLK_RX Pin=IC8-77
Added Pin To Net: NetName=STLK_TX Pin=IC8-78
Added Pin To Net: NetName=GND Pin=IC8-83
Added Pin To Net: NetName=VDD Pin=IC8-84
Added Pin To Net: NetName=USB_PowerSwitchOn Pin=IC8-91
Added Pin To Net: NetName=USB_OverCurrent Pin=IC8-92
Added Pin To Net: NetName=GND Pin=IC8-94
Added Pin To Net: NetName=VDD Pin=IC8-95
Added Pin To Net: NetName=USB_SOF(TP1) Pin=IC8-100
Added Pin To Net: NetName=USB_VBUS Pin=IC8-101
Added Pin To Net: NetName=USB_ID Pin=IC8-102
Added Pin To Net: NetName=USB_DM Pin=IC8-103
Added Pin To Net: NetName=USB_DP Pin=IC8-104
Added Pin To Net: NetName=TMS Pin=IC8-105
Added Pin To Net: NetName=VDD Pin=IC8-106
Added Pin To Net: NetName=GND Pin=IC8-107
Added Pin To Net: NetName=VDD Pin=IC8-108
Added Pin To Net: NetName=TCK Pin=IC8-109
Added Pin To Net: NetName=UART4_TX Pin=IC8-111
Added Pin To Net: NetName=UART4_RX Pin=IC8-112
Added Pin To Net: NetName=GPIO7 Pin=IC8-113
Added Pin To Net: NetName=GPIO6 Pin=IC8-114
Added Pin To Net: NetName=GPIO5 Pin=IC8-115
Added Pin To Net: NetName=GPIO4 Pin=IC8-116
Added Pin To Net: NetName=GPIO3 Pin=IC8-117
Added Pin To Net: NetName=GPIO2 Pin=IC8-118
Added Pin To Net: NetName=GPIO1 Pin=IC8-119
Added Pin To Net: NetName=GND Pin=IC8-120
Added Pin To Net: NetName=VDD Pin=IC8-121
Added Pin To Net: NetName=SDO1 Pin=IC8-124
Added Pin To Net: NetName=GND Pin=IC8-130
Added Pin To Net: NetName=VDD Pin=IC8-131
Added Pin To Net: NetName=SWO Pin=IC8-133
Added Pin To Net: NetName=I2C1_SCL Pin=IC8-136
Added Pin To Net: NetName=LED2_B Pin=IC8-137
Added Pin To Net: NetName=BOOT0 Pin=IC8-138
Added Pin To Net: NetName=I2C1_SDA Pin=IC8-140
Added Pin To Net: NetName=VDD Pin=IC8-143
Added Pin To Net: NetName=VDD Pin=IC8-144
Added Pin To Net: NetName=3V3 Pin=P1-1
Added Pin To Net: NetName=GND Pin=P1-2
Added Pin To Net: NetName=GND Pin=P1-3
Added Pin To Net: NetName=GND Pin=P1-5
Added Pin To Net: NetName=SWCLK Pin=P1-8
Added Pin To Net: NetName=SWDIO Pin=P1-10
Added Pin To Net: NetName=+12 Pin=P3-1
Added Pin To Net: NetName=5V_1 Pin=P3-2
Added Pin To Net: NetName=3V3_1 Pin=P3-3
Added Pin To Net: NetName=+12 Pin=P3-8
Added Pin To Net: NetName=3V3_1 Pin=P5-1
Added Pin To Net: NetName=3V3 Pin=P5-2
Added Pin To Net: NetName=3V3_2 Pin=P5-3
Added Pin To Net: NetName=5V_1 Pin=P6-1
Added Pin To Net: NetName=5V Pin=P6-2
Added Pin To Net: NetName=DM_ESD Pin=P6-3
Added Pin To Net: NetName=3V3 Pin=P7-1
Added Pin To Net: NetName=GND Pin=P7-6
Added Pin To Net: NetName=3V3 Pin=P13-1
Added Pin To Net: NetName=GND Pin=P13-6
Added Pin To Net: NetName=5V Pin=P14-1
Added Pin To Net: NetName=5V Pin=P14-2
Added Pin To Net: NetName=3V3 Pin=P14-3
Added Pin To Net: NetName=3V3 Pin=P14-4
Added Pin To Net: NetName=ADC2_INP6 Pin=P14-17
Added Pin To Net: NetName=ADC1_INP6 Pin=P14-18
Added Pin To Net: NetName=GND Pin=P14-23
Added Pin To Net: NetName=GND Pin=P14-24
Added Pin To Net: NetName=5V Pin=P15-1
Added Pin To Net: NetName=5V Pin=P15-2
Added Pin To Net: NetName=3V3 Pin=P15-3
Added Pin To Net: NetName=3V3 Pin=P15-4
Added Pin To Net: NetName=ADC2_INP9 Pin=P15-17
Added Pin To Net: NetName=ADC2_INP8 Pin=P15-18
Added Pin To Net: NetName=GND Pin=P15-23
Added Pin To Net: NetName=GND Pin=P15-24
Added Pin To Net: NetName=GND Pin=P16-6
Added Pin To Net: NetName=3V3 Pin=P16-9
Added Pin To Net: NetName=5V Pin=P16-10
Added Pin To Net: NetName=VDD Pin=P17-1
Added Pin To Net: NetName=GND Pin=P17-3
Added Pin To Net: NetName=VDD Pin=R25-1
Added Pin To Net: NetName=NRST Pin=R25-2
Added Pin To Net: NetName=I2C1_SDA Pin=R26-1
Added Pin To Net: NetName=VDD Pin=R26-2
Added Pin To Net: NetName=I2C1_SCL Pin=R27-1
Added Pin To Net: NetName=VDD Pin=R27-2
Added Pin To Net: NetName=BOOT0 Pin=R28-2
Added Pin To Net: NetName=GND Pin=S2-1
Added Pin To Net: NetName=GND Pin=S2-2
Added Pin To Net: NetName=NRST Pin=S2-3
Added Pin To Net: NetName=NRST Pin=S2-4
Added Pin To Net: NetName=OSC25M_IN Pin=Y1-1
Added Pin To Net: NetName=GND Pin=Y1-2
Added Pin To Net: NetName=OSC25M_OUT Pin=Y1-3
Added Pin To Net: NetName=GND Pin=Y1-4
Change Net Name : Old Net Name=Net?_1 New Net Name=Net1_1
Change Net Name : Old Net Name=Net?_2 New Net Name=Net1_2
Change Net Name : Old Net Name=Net?_4 New Net Name=Net1_4
Change Net Name : Old Net Name=Net?_5 New Net Name=Net1_5
Change Net Name : Old Net Name=Net?_6 New Net Name=Net1_6
Change Net Name : Old Net Name=Net?_7 New Net Name=Net1_7
Change Net Name : Old Net Name=Net?_9 New Net Name=Net1_9
Change Net Name : Old Net Name=Net?_10 New Net Name=Net1_10
Change Net Name : Old Net Name=NetC?_1 New Net Name=NetC3_1
Change Net Name : Old Net Name=NetD?_1 New Net Name=NetD9_1
Change Net Name : Old Net Name=NetIC?_2 New Net Name=NetIC2_2
Change Net Name : Old Net Name=NetIC?_8 New Net Name=NetIC2_8
Change Net Name : Old Net Name=NetIC?_9 New Net Name=NetIC2_9
Change Net Name : Old Net Name=NetIC?_10 New Net Name=NetIC2_10
Change Net Name : Old Net Name=NetIC?_11 New Net Name=NetIC2_11
Change Net Name : Old Net Name=NetLS?_1 New Net Name=NetLS1_1
Change Net Name : Old Net Name=NetLS?_2 New Net Name=NetLS1_2
Change Net Name : Old Net Name=NetT?_1 New Net Name=NetT1_1
Added Pin To Net: NetName=CHARGE_EN Pin=P10-2
Added Net: Name=CHARGE_EN
Added Pin To Net: NetName=CHIP_KICK Pin=P10-3
Added Net: Name=CHIP_KICK
Added Pin To Net: NetName=CURR_D Pin=P16-5
Added Net: Name=CURR_D
Added Pin To Net: NetName=DIR_D Pin=P16-2
Added Net: Name=DIR_D
Added Pin To Net: NetName=DIR_M1 Pin=P14-7
Added Net: Name=DIR_M1
Added Pin To Net: NetName=DIR_M2 Pin=P14-8
Added Net: Name=DIR_M2
Added Pin To Net: NetName=DIR_M3 Pin=P15-7
Added Net: Name=DIR_M3
Added Pin To Net: NetName=DIR_M4 Pin=P15-8
Added Net: Name=DIR_M4
Added Pin To Net: NetName=ENCA_M1 Pin=IC8-60
Added Pin To Net: NetName=ENCA_M1 Pin=P14-19
Added Net: Name=ENCA_M1
Added Pin To Net: NetName=ENCA_M2 Pin=IC8-34
Added Pin To Net: NetName=ENCA_M2 Pin=P14-20
Added Net: Name=ENCA_M2
Added Pin To Net: NetName=ENCA_M3 Pin=IC8-42
Added Pin To Net: NetName=ENCA_M3 Pin=P15-19
Added Net: Name=ENCA_M3
Added Pin To Net: NetName=ENCA_M4 Pin=IC8-81
Added Pin To Net: NetName=ENCA_M4 Pin=P15-20
Added Net: Name=ENCA_M4
Added Pin To Net: NetName=ENCB_M1 Pin=IC8-64
Added Pin To Net: NetName=ENCB_M1 Pin=P14-21
Added Net: Name=ENCB_M1
Added Pin To Net: NetName=ENCB_M2 Pin=IC8-35
Added Pin To Net: NetName=ENCB_M2 Pin=P14-22
Added Net: Name=ENCB_M2
Added Pin To Net: NetName=ENCB_M3 Pin=IC8-97
Added Pin To Net: NetName=ENCB_M3 Pin=P15-21
Added Net: Name=ENCB_M3
Added Pin To Net: NetName=ENCB_M4 Pin=IC8-82
Added Pin To Net: NetName=ENCB_M4 Pin=P15-22
Added Net: Name=ENCB_M4
Added Pin To Net: NetName=FF1_D Pin=P16-8
Added Net: Name=FF1_D
Added Pin To Net: NetName=FF1_M1 Pin=P14-13
Added Net: Name=FF1_M1
Added Pin To Net: NetName=FF1_M2 Pin=P14-14
Added Net: Name=FF1_M2
Added Pin To Net: NetName=FF1_M3 Pin=P15-13
Added Net: Name=FF1_M3
Added Pin To Net: NetName=FF1_M4 Pin=P15-14
Added Net: Name=FF1_M4
Added Pin To Net: NetName=FF2_D Pin=P16-7
Added Net: Name=FF2_D
Added Pin To Net: NetName=FF2_M1 Pin=P14-15
Added Net: Name=FF2_M1
Added Pin To Net: NetName=FF2_M2 Pin=P14-16
Added Net: Name=FF2_M2
Added Pin To Net: NetName=FF2_M3 Pin=P15-15
Added Net: Name=FF2_M3
Added Pin To Net: NetName=FF2_M4 Pin=P15-16
Added Net: Name=FF2_M4
Added Pin To Net: NetName=KICK Pin=P10-4
Added Net: Name=KICK
Added Pin To Net: NetName=MODE_D Pin=P16-4
Added Net: Name=MODE_D
Added Pin To Net: NetName=MODE_M1 Pin=P14-11
Added Net: Name=MODE_M1
Added Pin To Net: NetName=MODE_M2 Pin=P14-12
Added Net: Name=MODE_M2
Added Pin To Net: NetName=MODE_M3 Pin=P15-11
Added Net: Name=MODE_M3
Added Pin To Net: NetName=MODE_M4 Pin=P15-12
Added Net: Name=MODE_M4
Added Pin To Net: NetName=NetD1_1 Pin=D1-1
Added Pin To Net: NetName=NetD1_1 Pin=R8-1
Added Net: Name=NetD1_1
Added Pin To Net: NetName=NetD2_1 Pin=D2-1
Added Pin To Net: NetName=NetD2_1 Pin=R9-1
Added Net: Name=NetD2_1
Added Pin To Net: NetName=NetD3_1 Pin=D3-1
Added Pin To Net: NetName=NetD3_1 Pin=R13-1
Added Net: Name=NetD3_1
Added Pin To Net: NetName=NetD4_1 Pin=D4-1
Added Pin To Net: NetName=NetD4_1 Pin=R14-1
Added Net: Name=NetD4_1
Added Pin To Net: NetName=NetD5_1 Pin=D5-1
Added Pin To Net: NetName=NetD5_1 Pin=R16-1
Added Net: Name=NetD5_1
Added Pin To Net: NetName=NetD6_1 Pin=D6-1
Added Pin To Net: NetName=NetD6_1 Pin=R17-1
Added Net: Name=NetD6_1
Added Pin To Net: NetName=NetD7_1 Pin=D7-1
Added Pin To Net: NetName=NetD7_1 Pin=R19-1
Added Net: Name=NetD7_1
Added Pin To Net: NetName=NetD8_1 Pin=D8-1
Added Pin To Net: NetName=NetD8_1 Pin=R20-1
Added Net: Name=NetD8_1
Added Net: Name=NetP8_2
Added Net: Name=NetP9_2
Added Pin To Net: NetName=NetP17_2 Pin=P17-2
Added Pin To Net: NetName=NetP17_2 Pin=R28-1
Added Net: Name=NetP17_2
Added Pin To Net: NetName=PWM_D Pin=P16-1
Added Net: Name=PWM_D
Added Pin To Net: NetName=PWM_M1 Pin=IC8-37
Added Pin To Net: NetName=PWM_M1 Pin=P14-5
Added Net: Name=PWM_M1
Added Pin To Net: NetName=PWM_M2 Pin=IC8-36
Added Pin To Net: NetName=PWM_M2 Pin=P14-6
Added Net: Name=PWM_M2
Added Pin To Net: NetName=PWM_M3 Pin=IC8-98
Added Pin To Net: NetName=PWM_M3 Pin=P15-5
Added Net: Name=PWM_M3
Added Pin To Net: NetName=PWM_M4 Pin=IC8-99
Added Pin To Net: NetName=PWM_M4 Pin=P15-6
Added Net: Name=PWM_M4
Added Pin To Net: NetName=RESET_D Pin=P16-3
Added Net: Name=RESET_D
Added Pin To Net: NetName=RESET_M1 Pin=P14-9
Added Net: Name=RESET_M1
Added Pin To Net: NetName=RESET_M2 Pin=P14-10
Added Net: Name=RESET_M2
Added Pin To Net: NetName=RESET_M3 Pin=P15-9
Added Net: Name=RESET_M3
Added Pin To Net: NetName=RESET_M4 Pin=P15-10
Added Net: Name=RESET_M4
Added Pin To Net: NetName=USART1_GPIO Pin=P7-5
Added Net: Name=USART1_GPIO
Added Pin To Net: NetName=USART1_INT Pin=P7-4
Added Net: Name=USART1_INT
Added Pin To Net: NetName=USART1_RX Pin=P7-2
Added Net: Name=USART1_RX
Added Pin To Net: NetName=USART1_TX Pin=P7-3
Added Net: Name=USART1_TX
Added Pin To Net: NetName=USART2_GPIO Pin=P13-5
Added Net: Name=USART2_GPIO
Added Pin To Net: NetName=USART2_INT Pin=P13-4
Added Net: Name=USART2_INT
Added Pin To Net: NetName=USART2_RX Pin=P13-2
Added Net: Name=USART2_RX
Added Pin To Net: NetName=USART2_TX Pin=P13-3
Added Net: Name=USART2_TX
Added Pin To Net: NetName=VCAP Pin=P10-1
Added Net: Name=VCAP
Change Class Name : Old Net Name=Designator New Net Name=STM32H7
Added Member To Class: ClassName=Logic ICs Member=Component C1 100nF
Added Member To Class: ClassName=Logic ICs Member=Component C2 100nF
Added Member To Class: ClassName=Logic ICs Member=Component C3 100nF
Added Member To Class: ClassName=Connectors Member=Component C4 100nF
Added Member To Class: ClassName=Connectors Member=Component C5 10uF
Added Member To Class: ClassName=Connectors Member=Component C6 10uF
Added Member To Class: ClassName=Connectors Member=Component C7 100nF
Added Member To Class: ClassName=STM32H7 Member=Component C8 12pF
Added Member To Class: ClassName=STM32H7 Member=Component C9 12pF
Added Member To Class: ClassName=STM32H7 Member=Component C10 100nF
Added Member To Class: ClassName=STM32H7 Member=Component C11 12pF
Added Member To Class: ClassName=STM32H7 Member=Component C12 12pF
Added Member To Class: ClassName=STM32H7 Member=Component C13 1uF
Added Member To Class: ClassName=STM32H7 Member=Component C14 100nF
Added Member To Class: ClassName=STM32H7 Member=Component C15 1uF
Added Member To Class: ClassName=STM32H7 Member=Component C16 100nF
Added Member To Class: ClassName=STM32H7 Member=Component C17 10uF
Added Member To Class: ClassName=STM32H7 Member=Component C18 100nF
Added Member To Class: ClassName=STM32H7 Member=Component C19 100nF
Added Member To Class: ClassName=STM32H7 Member=Component C20 100nF
Added Member To Class: ClassName=STM32H7 Member=Component C21 100nF
Added Member To Class: ClassName=STM32H7 Member=Component C22 100nF
Added Member To Class: ClassName=STM32H7 Member=Component C23 100nF
Added Member To Class: ClassName=STM32H7 Member=Component C24 100nF
Added Member To Class: ClassName=STM32H7 Member=Component C25 100nF
Added Member To Class: ClassName=STM32H7 Member=Component C26 100nF
Added Member To Class: ClassName=STM32H7 Member=Component C27 100nF
Added Member To Class: ClassName=STM32H7 Member=Component C28 100nF
Added Member To Class: ClassName=STM32H7 Member=Component C29 100nF
Added Member To Class: ClassName=STM32H7 Member=Component C30 100nF
Added Member To Class: ClassName=STM32H7 Member=Component C31 100nF
Added Member To Class: ClassName=STM32H7 Member=Component C32 100nF
Added Member To Class: ClassName=STM32H7 Member=Component C33 100nF
Added Member To Class: ClassName=Logic ICs Member=Component D1 150060BS55040
Added Member To Class: ClassName=Logic ICs Member=Component D2 150060VS55040
Added Member To Class: ClassName=Logic ICs Member=Component D3 150060BS55040
Added Member To Class: ClassName=Logic ICs Member=Component D5 150060SS55040
Added Member To Class: ClassName=Logic ICs Member=Component D6 150060YS55040
Added Member To Class: ClassName=Logic ICs Member=Component D7 150060SS55040
Added Member To Class: ClassName=Logic ICs Member=Component D8 150060YS55040
Added Member To Class: ClassName=Connectors Member=Component D9 150060SS55040
Added Member To Class: ClassName=Logic ICs Member=Component IC1 24CW160T-I/OT
Added Member To Class: ClassName=Logic ICs Member=Component IC2 TCA9555DBR
Added Member To Class: ClassName=Logic ICs Member=Component IC3 ICM-20948
Added Member To Class: ClassName=Logic ICs Member=Component IC4 MPU9250-IMU
Added Member To Class: ClassName=Connectors Member=Component IC5 LD1117S33CTR
Added Member To Class: ClassName=Connectors Member=Component IC6 LD1117S33CTR
Added Member To Class: ClassName=Connectors Member=Component IC7 USBLC6-2SC6
Added Member To Class: ClassName=STM32H7 Member=Component IC8 STM32H743ZIT6
Added Member To Class: ClassName=Connectors Member=Component P1 5X2
Added Member To Class: ClassName=Connectors Member=Component P2 4X2
Added Member To Class: ClassName=Connectors Member=Component P3 4X2
Added Member To Class: ClassName=Connectors Member=Component P4 USB Micro AB
Added Member To Class: ClassName=Connectors Member=Component P5 3x1
Added Member To Class: ClassName=Connectors Member=Component P6 3x1
Added Member To Class: ClassName=Connectors Member=Component P7 6x1
Added Member To Class: ClassName=Connectors Member=Component P10 4X1
Added Member To Class: ClassName=Connectors Member=Component P13 6x1
Added Member To Class: ClassName=Connectors Member=Component P14 HEADER 24P M
Added Member To Class: ClassName=Connectors Member=Component P15 HEADER 24P M
Added Member To Class: ClassName=Connectors Member=Component P16 5X2
Added Member To Class: ClassName=STM32H7 Member=Component P17 3x1
Added Member To Class: ClassName=Logic ICs Member=Component R1 1K
Added Member To Class: ClassName=Logic ICs Member=Component R2 1K
Added Member To Class: ClassName=Logic ICs Member=Component R3 4K7
Added Member To Class: ClassName=Logic ICs Member=Component R4 47R
Added Member To Class: ClassName=Logic ICs Member=Component R5 47R
Added Member To Class: ClassName=Logic ICs Member=Component R6 47R
Added Member To Class: ClassName=Logic ICs Member=Component R7 47R
Added Member To Class: ClassName=Logic ICs Member=Component R8 10R
Added Member To Class: ClassName=Logic ICs Member=Component R9 10R
Added Member To Class: ClassName=Logic ICs Member=Component R10 47R
Added Member To Class: ClassName=Logic ICs Member=Component R11 47R
Added Member To Class: ClassName=Logic ICs Member=Component R12 47R
Added Member To Class: ClassName=Logic ICs Member=Component R13 10R
Added Member To Class: ClassName=Logic ICs Member=Component R14 10R
Added Member To Class: ClassName=Logic ICs Member=Component R15 47R
Added Member To Class: ClassName=Logic ICs Member=Component R16 10R
Added Member To Class: ClassName=Logic ICs Member=Component R17 10R
Added Member To Class: ClassName=Logic ICs Member=Component R18 1K
Added Member To Class: ClassName=Logic ICs Member=Component R19 10R
Added Member To Class: ClassName=Logic ICs Member=Component R20 10R
Added Member To Class: ClassName=Logic ICs Member=Component R21 4K7
Added Member To Class: ClassName=Connectors Member=Component R22 470R
Added Member To Class: ClassName=Connectors Member=Component R23 1M
Added Member To Class: ClassName=Connectors Member=Component R24 330K
Added Member To Class: ClassName=STM32H7 Member=Component R25 10K
Added Member To Class: ClassName=STM32H7 Member=Component R26 4K7
Added Member To Class: ClassName=STM32H7 Member=Component R27 4K7
Added Member To Class: ClassName=STM32H7 Member=Component R28 10K
Added Member To Class: ClassName=Logic ICs Member=Component S1 DS04-254-1-04BK-SMT
Added Member To Class: ClassName=STM32H7 Member=Component S2 SKHHAMA010
Added Member To Class: ClassName=STM32H7 Member=Component Y1 XTAL
Added Member To Class: ClassName=STM32H7 Member=Component Y2 XTAL
Added Room: Name=Connectors
Added Room: Name=Logic ICs
Added Room: Name=STM32H7
