Removed Pin From Net: NetName=Display_DP Pin=IC2-13
Removed Pin From Net: NetName=Display_G Pin=IC2-14
Removed Pin From Net: NetName=Display_F Pin=IC2-15
Removed Pin From Net: NetName=Display_E Pin=IC2-16
Removed Pin From Net: NetName=Display_D Pin=IC2-17
Removed Pin From Net: NetName=Display_C Pin=IC2-18
Removed Pin From Net: NetName=Display_B Pin=IC2-19
Removed Pin From Net: NetName=Display_A Pin=IC2-20
Removed Pin From Net: NetName=NetIC4_1 Pin=IC4-1
Removed Pin From Net: NetName=NetIC4_2 Pin=IC4-2
Removed Pin From Net: NetName=NetIC4_4 Pin=IC4-4
Removed Pin From Net: NetName=NetIC4_5 Pin=IC4-5
Removed Pin From Net: NetName=NetIC4_6 Pin=IC4-6
Removed Pin From Net: NetName=NetIC4_7 Pin=IC4-7
Removed Pin From Net: NetName=NetIC4_9 Pin=IC4-9
Removed Pin From Net: NetName=NetIC4_10 Pin=IC4-10
Removed Pin From Net: NetName=Display_D Pin=R4-1
Removed Pin From Net: NetName=NetIC4_2 Pin=R4-2
Removed Pin From Net: NetName=NetIC4_1 Pin=R5-1
Removed Pin From Net: NetName=Display_E Pin=R5-2
Removed Pin From Net: NetName=NetIC4_6 Pin=R6-1
Removed Pin From Net: NetName=Display_B Pin=R6-2
Removed Pin From Net: NetName=Display_A Pin=R7-1
Removed Pin From Net: NetName=NetIC4_7 Pin=R7-2
Removed Pin From Net: NetName=NetIC4_9 Pin=R10-1
Removed Pin From Net: NetName=Display_F Pin=R10-2
Removed Pin From Net: NetName=NetIC4_5 Pin=R12-1
Removed Pin From Net: NetName=Display_DP Pin=R12-2
Removed Pin From Net: NetName=NetIC4_10 Pin=R15-1
Removed Pin From Net: NetName=Display_G Pin=R15-2
Added Pin To Net: NetName=NetIC4_1 Pin=IC2-13
Added Pin To Net: NetName=NetIC4_2 Pin=IC2-14
Added Pin To Net: NetName=NetIC4_4 Pin=IC2-15
Added Pin To Net: NetName=NetIC4_5 Pin=IC2-16
Added Pin To Net: NetName=NetIC4_6 Pin=IC2-17
Added Pin To Net: NetName=NetIC4_7 Pin=IC2-18
Added Pin To Net: NetName=NetIC4_9 Pin=IC2-19
Added Pin To Net: NetName=NetIC4_10 Pin=IC2-20
Added Pin To Net: NetName=Display_E Pin=IC4-1
Added Pin To Net: NetName=Display_D Pin=IC4-2
Added Pin To Net: NetName=Display_C Pin=IC4-4
Added Pin To Net: NetName=Display_DP Pin=IC4-5
Added Pin To Net: NetName=Display_B Pin=IC4-6
Added Pin To Net: NetName=Display_A Pin=IC4-7
Added Pin To Net: NetName=Display_F Pin=IC4-9
Added Pin To Net: NetName=Display_G Pin=IC4-10
Added Pin To Net: NetName=NetIC4_10 Pin=R4-1
Added Pin To Net: NetName=Display_B Pin=R4-2
Added Pin To Net: NetName=NetIC4_9 Pin=R5-1
Added Pin To Net: NetName=Display_A Pin=R5-2
Added Pin To Net: NetName=NetIC4_7 Pin=R6-1
Added Pin To Net: NetName=Display_F Pin=R6-2
Added Pin To Net: NetName=NetIC4_6 Pin=R7-1
Added Pin To Net: NetName=Display_G Pin=R7-2
Added Pin To Net: NetName=NetIC4_5 Pin=R10-1
Added Pin To Net: NetName=Display_DP Pin=R10-2
Added Pin To Net: NetName=NetIC4_2 Pin=R12-1
Added Pin To Net: NetName=Display_D Pin=R12-2
Added Pin To Net: NetName=NetIC4_1 Pin=R15-1
Added Pin To Net: NetName=Display_E Pin=R15-2
Change Net Name : Old Net Name=NetIC4_1 New Net Name=NetIC2_13
Change Net Name : Old Net Name=NetIC4_2 New Net Name=NetIC2_14
Change Net Name : Old Net Name=NetIC4_4 New Net Name=NetIC2_15
Change Net Name : Old Net Name=NetIC4_5 New Net Name=NetIC2_16
Change Net Name : Old Net Name=NetIC4_6 New Net Name=NetIC2_17
Change Net Name : Old Net Name=NetIC4_7 New Net Name=NetIC2_18
Change Net Name : Old Net Name=NetIC4_9 New Net Name=NetIC2_19
Change Net Name : Old Net Name=NetIC4_10 New Net Name=NetIC2_20
