Removed Pin From Net: NetName=5V_1 Pin=P3-2
Removed Pin From Net: NetName=3V3_1 Pin=P3-3
Removed Pin From Net: NetName=GND Pin=P3-4
Removed Pin From Net: NetName=GND Pin=P3-5
Removed Pin From Net: NetName=5V_1 Pin=P3-7
Removed Pin From Net: NetName=+12 Pin=P3-8
Added Pin To Net: NetName=PWM_D Pin=IC8-76
Added Pin To Net: NetName=SWO Pin=P1-9
Added Pin To Net: NetName=+12 Pin=P3-2
Added Pin To Net: NetName=5V_1 Pin=P3-3
Added Pin To Net: NetName=5V_1 Pin=P3-4
Added Pin To Net: NetName=3V3_1 Pin=P3-5
Added Pin To Net: NetName=GND Pin=P3-7
Added Pin To Net: NetName=GND Pin=P3-8
Added Pin To Net: NetName=UART4_RX Pin=P7-2
Added Pin To Net: NetName=UART4_TX Pin=P7-3
Added Pin To Net: NetName=ADC3_INP9 Pin=P10-1
Added Pin To Net: NetName=UART5_RX Pin=P13-2
Added Pin To Net: NetName=UART5_TX Pin=P13-3
Added Pin To Net: NetName=ADC1_INP5 Pin=P16-5
Added Pin To Net: NetName=USB_VBUS Pin=R22-2
Added Pin To Net: NetName=MCU_VBUS Pin=IC8-101
Added Net: Name=MCU_VBUS
