Removed Member From Class: ClassName=Connectors Member=C?
Removed Member From Class: ClassName=Logic ICs Member=C?
Removed Member From Class: ClassName=Connectors Member=D?
Removed Member From Class: ClassName=Connectors Member=R?
Removed Member From Class: ClassName=Logic ICs Member=S?
Change Component Designator: OldDesignator=C? NewDesignator=C1
Change Component Designator: OldDesignator=C? NewDesignator=C2
Change Component Designator: OldDesignator=C? NewDesignator=C3
Change Component Designator: OldDesignator=C? NewDesignator=C4
Change Component Designator: OldDesignator=C? NewDesignator=C5
Change Component Designator: OldDesignator=C? NewDesignator=C6
Change Component Designator: OldDesignator=C? NewDesignator=C7
Change Component Designator: OldDesignator=C? NewDesignator=C8
Change Component Designator: OldDesignator=C? NewDesignator=C9
Change Component Designator: OldDesignator=C? NewDesignator=C10
Change Component Designator: OldDesignator=C? NewDesignator=C11
Change Component Designator: OldDesignator=C? NewDesignator=C12
Change Component Designator: OldDesignator=C? NewDesignator=C13
Change Component Designator: OldDesignator=C? NewDesignator=C14
Change Component Designator: OldDesignator=C? NewDesignator=C15
Change Component Designator: OldDesignator=C? NewDesignator=C16
Change Component Designator: OldDesignator=C? NewDesignator=C17
Change Component Designator: OldDesignator=C? NewDesignator=C18
Change Component Designator: OldDesignator=C? NewDesignator=C19
Change Component Designator: OldDesignator=C? NewDesignator=C20
Change Component Designator: OldDesignator=C? NewDesignator=C21
Change Component Designator: OldDesignator=C? NewDesignator=C22
Change Component Designator: OldDesignator=C? NewDesignator=C23
Change Component Designator: OldDesignator=C? NewDesignator=C24
Change Component Designator: OldDesignator=C? NewDesignator=C25
Change Component Designator: OldDesignator=C? NewDesignator=C26
Change Component Designator: OldDesignator=C? NewDesignator=C27
Change Component Designator: OldDesignator=C? NewDesignator=C28
Change Component Designator: OldDesignator=C? NewDesignator=C29
Change Component Designator: OldDesignator=C? NewDesignator=C30
Change Component Designator: OldDesignator=C? NewDesignator=C31
Change Component Designator: OldDesignator=CONN? NewDesignator=CONN1
Change Component Designator: OldDesignator=D? NewDesignator=D1
Change Component Designator: OldDesignator=D? NewDesignator=D2
Change Component Designator: OldDesignator=D? NewDesignator=D3
Change Component Designator: OldDesignator=D? NewDesignator=D4
Change Component Designator: OldDesignator=D? NewDesignator=D5
Change Component Designator: OldDesignator=D? NewDesignator=D6
Change Component Designator: OldDesignator=D? NewDesignator=D7
Change Component Designator: OldDesignator=D? NewDesignator=D8
Change Component Designator: OldDesignator=D? NewDesignator=D9
Change Component Designator: OldDesignator=IC? NewDesignator=IC1
Change Component Designator: OldDesignator=IC? NewDesignator=IC2
Change Component Designator: OldDesignator=IC? NewDesignator=IC3
Change Component Designator: OldDesignator=IC? NewDesignator=IC4
Change Component Designator: OldDesignator=IC? NewDesignator=IC5
Change Component Designator: OldDesignator=IC? NewDesignator=IC6
Change Component Designator: OldDesignator=IC? NewDesignator=IC7
Change Component Designator: OldDesignator=P? NewDesignator=P1
Change Component Designator: OldDesignator=P? NewDesignator=P2
Change Component Designator: OldDesignator=P? NewDesignator=P3
Change Component Designator: OldDesignator=R? NewDesignator=R1
Change Component Designator: OldDesignator=R? NewDesignator=R2
Change Component Designator: OldDesignator=R? NewDesignator=R3
Change Component Designator: OldDesignator=S? NewDesignator=S1
Change Component Designator: OldDesignator=S? NewDesignator=S2
Change Component Designator: OldDesignator=S? NewDesignator=S3
Change Component Designator: OldDesignator=T? NewDesignator=T1
Change Component Designator: OldDesignator=Y? NewDesignator=Y1
Change Component Designator: OldDesignator=Y? NewDesignator=Y2
Added Pin To Net: NetName=GND Pin=IC7-38
Added Pin To Net: NetName=VDD Pin=IC7-39
Added Pin To Net: NetName=GND Pin=IC7-51
Added Pin To Net: NetName=VDD Pin=IC7-52
Added Pin To Net: NetName=GND Pin=IC7-61
Added Pin To Net: NetName=VDD Pin=IC7-62
Added Pin To Net: NetName=VDD Pin=IC7-71
Added Pin To Net: NetName=VDD Pin=IC7-72
Added Pin To Net: NetName=GND Pin=IC7-83
Added Pin To Net: NetName=VDD Pin=IC7-84
Added Pin To Net: NetName=GND Pin=IC7-94
Added Pin To Net: NetName=VDD Pin=IC7-95
Added Pin To Net: NetName=VDD Pin=IC7-106
Added Pin To Net: NetName=GND Pin=IC7-107
Added Pin To Net: NetName=VDD Pin=IC7-108
Added Pin To Net: NetName=GND Pin=IC7-120
Added Pin To Net: NetName=VDD Pin=IC7-121
Added Pin To Net: NetName=GND Pin=IC7-130
Added Pin To Net: NetName=VDD Pin=IC7-131
Added Pin To Net: NetName=BOOT0 Pin=IC7-138
Added Pin To Net: NetName=VDD Pin=IC7-143
Added Pin To Net: NetName=VDD Pin=IC7-144
Change Net Name : Old Net Name=NetC?_1 New Net Name=NetC3_1
Change Net Name : Old Net Name=NetD?_1 New Net Name=NetD9_1
Change Net Name : Old Net Name=NetIC?_3 New Net Name=NetIC5_3
Change Net Name : Old Net Name=NetIC?_8 New Net Name=NetIC2_8
Change Net Name : Old Net Name=NetIC?_9 New Net Name=NetIC2_9
Change Net Name : Old Net Name=NetIC?_10 New Net Name=NetIC2_10
Change Net Name : Old Net Name=NetIC?_11 New Net Name=NetIC2_11
Change Net Name : Old Net Name=NetR?_1 New Net Name=NetR3_1
Added Member To Class: ClassName=Logic ICs Member=Component C1 100nF
Added Member To Class: ClassName=Logic ICs Member=Component C2 100nF
Added Member To Class: ClassName=Logic ICs Member=Component C3 100nF
Added Member To Class: ClassName=Connectors Member=Component C4 100nF
Added Member To Class: ClassName=Connectors Member=Component C5 10uF
Added Member To Class: ClassName=Designator Member=Component C6 12pF
Added Member To Class: ClassName=Designator Member=Component C7 12pF
Added Member To Class: ClassName=Designator Member=Component C8 100nF
Added Member To Class: ClassName=Designator Member=Component C9 12pF
Added Member To Class: ClassName=Designator Member=Component C10 12pF
Added Member To Class: ClassName=Designator Member=Component C11 1uF
Added Member To Class: ClassName=Designator Member=Component C12 100nF
Added Member To Class: ClassName=Designator Member=Component C14 100nF
Added Member To Class: ClassName=Designator Member=Component C15 10uF
Added Member To Class: ClassName=Designator Member=Component C16 100nF
Added Member To Class: ClassName=Designator Member=Component C17 100nF
Added Member To Class: ClassName=Designator Member=Component C18 100nF
Added Member To Class: ClassName=Designator Member=Component C19 100nF
Added Member To Class: ClassName=Designator Member=Component C20 100nF
Added Member To Class: ClassName=Designator Member=Component C21 100nF
Added Member To Class: ClassName=Designator Member=Component C22 100nF
Added Member To Class: ClassName=Designator Member=Component C23 100nF
Added Member To Class: ClassName=Designator Member=Component C24 100nF
Added Member To Class: ClassName=Designator Member=Component C25 100nF
Added Member To Class: ClassName=Designator Member=Component C26 100nF
Added Member To Class: ClassName=Designator Member=Component C27 100nF
Added Member To Class: ClassName=Designator Member=Component C28 100nF
Added Member To Class: ClassName=Designator Member=Component C29 100nF
Added Member To Class: ClassName=Designator Member=Component C30 100nF
Added Member To Class: ClassName=Designator Member=Component C31 100nF
Added Member To Class: ClassName=Logic ICs Member=Component D1 150060BS55040
Added Member To Class: ClassName=Logic ICs Member=Component D2 150060VS55040
Added Member To Class: ClassName=Logic ICs Member=Component D3 150060BS55040
Added Member To Class: ClassName=Logic ICs Member=Component D5 150060SS55040
Added Member To Class: ClassName=Logic ICs Member=Component D6 150060YS55040
Added Member To Class: ClassName=Logic ICs Member=Component D7 150060SS55040
Added Member To Class: ClassName=Logic ICs Member=Component D8 150060YS55040
Added Member To Class: ClassName=Connectors Member=Component D9 150060SS55040
Added Member To Class: ClassName=Logic ICs Member=Component IC1 24CW160T-I/OT
Added Member To Class: ClassName=Logic ICs Member=Component IC2 TCA9555DBR
Added Member To Class: ClassName=Logic ICs Member=Component IC3 ICM-20948
Added Member To Class: ClassName=Connectors Member=Component IC4 LD1117S33CTR
Added Member To Class: ClassName=Connectors Member=Component IC5 LD1117S33CTR
Added Member To Class: ClassName=Connectors Member=Component IC6 USBLC6-2SC6
Added Member To Class: ClassName=Designator Member=Component IC7 STM32H743ZIT6
Added Member To Class: ClassName=Connectors Member=Component P1 6x1
Added Member To Class: ClassName=Connectors Member=Component P2 4X2
Added Member To Class: ClassName=Connectors Member=Component R1 470R
Added Member To Class: ClassName=Designator Member=Component R2 10K
Added Member To Class: ClassName=Logic ICs Member=Component S1 DS04-254-1-04BK-SMT
Added Member To Class: ClassName=Designator Member=Component S2 SKHHAMA010
Added Member To Class: ClassName=Designator Member=Component Y1 XTAL
