Removed Pin From Net: NetName=SPI4_SCK Pin=IC?-1
Removed Pin From Net: NetName=TIM15_CH1 Pin=IC?-4
Removed Pin From Net: NetName=TIM15_CH2 Pin=IC?-5
Removed Pin From Net: NetName=VDD Pin=IC?-6
Removed Pin From Net: NetName=OSC32_IN Pin=IC?-8
Removed Pin From Net: NetName=OSC32_OUT Pin=IC?-9
Removed Pin From Net: NetName=ADC3_INP9 Pin=IC?-14
Removed Pin From Net: NetName=GND Pin=IC?-16
Removed Pin From Net: NetName=VDD Pin=IC?-17
Removed Pin From Net: NetName=ADC3_INP8 Pin=IC?-18
Removed Pin From Net: NetName=ADC3_INP7 Pin=IC?-20
Removed Pin From Net: NetName=ADC3_INP6 Pin=IC?-22
Removed Pin From Net: NetName=OSC25M_IN Pin=IC?-23
Removed Pin From Net: NetName=OSC25M_OUT Pin=IC?-24
Removed Pin From Net: NetName=NRST Pin=IC?-25
Removed Pin From Net: NetName=SPI2_MOSI Pin=IC?-27
Removed Pin From Net: NetName=SDI2 Pin=IC?-28
Removed Pin From Net: NetName=VDD Pin=IC?-30
Removed Pin From Net: NetName=GND Pin=IC?-31
Removed Pin From Net: NetName=VDDA Pin=IC?-32
Removed Pin From Net: NetName=VDDA Pin=IC?-33
Removed Pin From Net: NetName=ENCA_M2 Pin=IC?-34
Removed Pin From Net: NetName=ENCB_M2 Pin=IC?-35
Removed Pin From Net: NetName=PWM_M2 Pin=IC?-36
Removed Pin From Net: NetName=PWM_M1 Pin=IC?-37
Removed Pin From Net: NetName=GND Pin=IC?-38
Removed Pin From Net: NetName=VDD Pin=IC?-39
Removed Pin From Net: NetName=SCLK1 Pin=IC?-41
Removed Pin From Net: NetName=ENCA_M3 Pin=IC?-42
Removed Pin From Net: NetName=SDI1 Pin=IC?-43
Removed Pin From Net: NetName=ADC2_INP8 Pin=IC?-45
Removed Pin From Net: NetName=ADC2_INP9 Pin=IC?-46
Removed Pin From Net: NetName=ADC1_INP5 Pin=IC?-47
Removed Pin From Net: NetName=ADC1_INP6 Pin=IC?-50
Removed Pin From Net: NetName=GND Pin=IC?-51
Removed Pin From Net: NetName=VDD Pin=IC?-52
Removed Pin From Net: NetName=ADC2_INP6 Pin=IC?-54
Removed Pin From Net: NetName=ENCA_M1 Pin=IC?-60
Removed Pin From Net: NetName=GND Pin=IC?-61
Removed Pin From Net: NetName=VDD Pin=IC?-62
Removed Pin From Net: NetName=ENCB_M1 Pin=IC?-64
Removed Pin From Net: NetName=SPI4_MISO Pin=IC?-66
Removed Pin From Net: NetName=SPI4_MOSI Pin=IC?-67
Removed Pin From Net: NetName=SCLK2 Pin=IC?-69
Removed Pin From Net: NetName=VDD Pin=IC?-71
Removed Pin From Net: NetName=VDD Pin=IC?-72
Removed Pin From Net: NetName=UART5_RX Pin=IC?-73
Removed Pin From Net: NetName=UART5_TX Pin=IC?-74
Removed Pin From Net: NetName=LED3_R Pin=IC?-75
Removed Pin From Net: NetName=TIM12_CH2 Pin=IC?-76
Removed Pin From Net: NetName=STLK_RX Pin=IC?-77
Removed Pin From Net: NetName=STLK_TX Pin=IC?-78
Removed Pin From Net: NetName=ENCA_M4 Pin=IC?-81
Removed Pin From Net: NetName=ENCB_M4 Pin=IC?-82
Removed Pin From Net: NetName=GND Pin=IC?-83
Removed Pin From Net: NetName=VDD Pin=IC?-84
Removed Pin From Net: NetName=USB_PowerSwitchOn Pin=IC?-91
Removed Pin From Net: NetName=USB_OverCurrent Pin=IC?-92
Removed Pin From Net: NetName=GND Pin=IC?-94
Removed Pin From Net: NetName=VDD Pin=IC?-95
Removed Pin From Net: NetName=ENCB_M3 Pin=IC?-97
Removed Pin From Net: NetName=PWM_M3 Pin=IC?-98
Removed Pin From Net: NetName=PWM_M4 Pin=IC?-99
Removed Pin From Net: NetName=USB_SOF(TP1) Pin=IC?-100
Removed Pin From Net: NetName=USB_VBUS Pin=IC?-101
Removed Pin From Net: NetName=USB_ID Pin=IC?-102
Removed Pin From Net: NetName=USB_DM Pin=IC?-103
Removed Pin From Net: NetName=USB_DP Pin=IC?-104
Removed Pin From Net: NetName=SWDIO Pin=IC?-105
Removed Pin From Net: NetName=VDD Pin=IC?-106
Removed Pin From Net: NetName=GND Pin=IC?-107
Removed Pin From Net: NetName=VDD Pin=IC?-108
Removed Pin From Net: NetName=USB_VBUS Pin=R?-2
Removed Member From Class: ClassName=Connectors Member=C?
Removed Member From Class: ClassName=STM32H7 Member=C?
Removed Member From Class: ClassName=Connectors Member=D?
Removed Member From Class: ClassName=Connectors Member=IC?
Removed Member From Class: ClassName=STM32H7 Member=IC?
Removed Member From Class: ClassName=STM32H7 Member=P?
Removed Member From Class: ClassName=Logic ICs Member=R?
Removed Member From Class: ClassName=STM32H7 Member=R?
Removed Member From Class: ClassName=STM32H7 Member=S?
Change Component Designator: OldDesignator=C? NewDesignator=C1
Change Component Designator: OldDesignator=C? NewDesignator=C2
Change Component Designator: OldDesignator=C? NewDesignator=C3
Change Component Designator: OldDesignator=C? NewDesignator=C4
Change Component Designator: OldDesignator=C? NewDesignator=C5
Change Component Designator: OldDesignator=C? NewDesignator=C6
Change Component Designator: OldDesignator=C? NewDesignator=C7
Change Component Designator: OldDesignator=C? NewDesignator=C8
Change Component Designator: OldDesignator=C? NewDesignator=C9
Change Component Designator: OldDesignator=C? NewDesignator=C10
Change Component Designator: OldDesignator=C? NewDesignator=C11
Change Component Designator: OldDesignator=C? NewDesignator=C12
Change Component Designator: OldDesignator=C? NewDesignator=C13
Change Component Designator: OldDesignator=C? NewDesignator=C14
Change Component Designator: OldDesignator=C? NewDesignator=C15
Change Component Designator: OldDesignator=C? NewDesignator=C16
Change Component Designator: OldDesignator=C? NewDesignator=C17
Change Component Designator: OldDesignator=C? NewDesignator=C18
Change Component Designator: OldDesignator=C? NewDesignator=C19
Change Component Designator: OldDesignator=C? NewDesignator=C20
Change Component Designator: OldDesignator=C? NewDesignator=C21
Change Component Designator: OldDesignator=C? NewDesignator=C22
Change Component Designator: OldDesignator=C? NewDesignator=C23
Change Component Designator: OldDesignator=C? NewDesignator=C24
Change Component Designator: OldDesignator=C? NewDesignator=C25
Change Component Designator: OldDesignator=C? NewDesignator=C26
Change Component Designator: OldDesignator=C? NewDesignator=C27
Change Component Designator: OldDesignator=C? NewDesignator=C28
Change Component Designator: OldDesignator=C? NewDesignator=C29
Change Component Designator: OldDesignator=C? NewDesignator=C30
Change Component Designator: OldDesignator=C? NewDesignator=C31
Change Component Designator: OldDesignator=C? NewDesignator=C32
Change Component Designator: OldDesignator=C? NewDesignator=C33
Change Component Designator: OldDesignator=CONN? NewDesignator=CONN1
Change Component Designator: OldDesignator=D? NewDesignator=D1
Change Component Designator: OldDesignator=D? NewDesignator=D2
Change Component Designator: OldDesignator=D? NewDesignator=D3
Change Component Designator: OldDesignator=D? NewDesignator=D4
Change Component Designator: OldDesignator=D? NewDesignator=D5
Change Component Designator: OldDesignator=D? NewDesignator=D6
Change Component Designator: OldDesignator=D? NewDesignator=D7
Change Component Designator: OldDesignator=D? NewDesignator=D8
Change Component Designator: OldDesignator=D? NewDesignator=D9
Change Component Designator: OldDesignator=IC? NewDesignator=IC1
Change Component Designator: OldDesignator=IC? NewDesignator=IC2
Change Component Designator: OldDesignator=IC? NewDesignator=IC3
Change Component Designator: OldDesignator=IC? NewDesignator=IC4
Change Component Designator: OldDesignator=IC? NewDesignator=IC5
Change Component Designator: OldDesignator=IC? NewDesignator=IC6
Change Component Designator: OldDesignator=IC? NewDesignator=IC7
Change Component Designator: OldDesignator=IC? NewDesignator=IC8
Change Component Designator: OldDesignator=LS? NewDesignator=LS1
Change Component Designator: OldDesignator=P? NewDesignator=P1
Change Component Designator: OldDesignator=P? NewDesignator=P2
Change Component Designator: OldDesignator=P? NewDesignator=P3
Change Component Designator: OldDesignator=P? NewDesignator=P4
Change Component Designator: OldDesignator=P? NewDesignator=P5
Change Component Designator: OldDesignator=P? NewDesignator=P6
Change Component Designator: OldDesignator=P? NewDesignator=P7
Change Component Designator: OldDesignator=P? NewDesignator=P8
Change Component Designator: OldDesignator=P? NewDesignator=P9
Change Component Designator: OldDesignator=P? NewDesignator=P10
Change Component Designator: OldDesignator=P? NewDesignator=P11
Change Component Designator: OldDesignator=P? NewDesignator=P12
Change Component Designator: OldDesignator=P? NewDesignator=P13
Change Component Designator: OldDesignator=P? NewDesignator=P14
Change Component Designator: OldDesignator=P? NewDesignator=P15
Change Component Designator: OldDesignator=P? NewDesignator=P16
Change Component Designator: OldDesignator=P? NewDesignator=P17
Change Component Designator: OldDesignator=R? NewDesignator=R1
Change Component Designator: OldDesignator=R? NewDesignator=R2
Change Component Designator: OldDesignator=R? NewDesignator=R3
Change Component Designator: OldDesignator=R? NewDesignator=R4
Change Component Designator: OldDesignator=R? NewDesignator=R5
Change Component Designator: OldDesignator=R? NewDesignator=R6
Change Component Designator: OldDesignator=R? NewDesignator=R7
Change Component Designator: OldDesignator=R? NewDesignator=R8
Change Component Designator: OldDesignator=R? NewDesignator=R9
Change Component Designator: OldDesignator=R? NewDesignator=R10
Change Component Designator: OldDesignator=R? NewDesignator=R11
Change Component Designator: OldDesignator=R? NewDesignator=R12
Change Component Designator: OldDesignator=R? NewDesignator=R13
Change Component Designator: OldDesignator=R? NewDesignator=R14
Change Component Designator: OldDesignator=R? NewDesignator=R15
Change Component Designator: OldDesignator=R? NewDesignator=R16
Change Component Designator: OldDesignator=R? NewDesignator=R17
Change Component Designator: OldDesignator=R? NewDesignator=R18
Change Component Designator: OldDesignator=R? NewDesignator=R19
Change Component Designator: OldDesignator=R? NewDesignator=R20
Change Component Designator: OldDesignator=R? NewDesignator=R21
Change Component Designator: OldDesignator=R? NewDesignator=R22
Change Component Designator: OldDesignator=R? NewDesignator=R23
Change Component Designator: OldDesignator=R? NewDesignator=R24
Change Component Designator: OldDesignator=R? NewDesignator=R25
Change Component Designator: OldDesignator=R? NewDesignator=R26
Change Component Designator: OldDesignator=R? NewDesignator=R27
Change Component Designator: OldDesignator=R? NewDesignator=R28
Change Component Designator: OldDesignator=S? NewDesignator=S1
Change Component Designator: OldDesignator=S? NewDesignator=S2
Change Component Designator: OldDesignator=T? NewDesignator=T1
Change Component Designator: OldDesignator=Y? NewDesignator=Y1
Change Component Designator: OldDesignator=Y? NewDesignator=Y2
Added Pin To Net: NetName=SPI4_SCK Pin=IC8-1
Added Pin To Net: NetName=TIM15_CH1 Pin=IC8-4
Added Pin To Net: NetName=TIM15_CH2 Pin=IC8-5
Added Pin To Net: NetName=VDD Pin=IC8-6
Added Pin To Net: NetName=OSC32_IN Pin=IC8-8
Added Pin To Net: NetName=OSC32_OUT Pin=IC8-9
Added Pin To Net: NetName=ADC3_INP9 Pin=IC8-14
Added Pin To Net: NetName=GND Pin=IC8-16
Added Pin To Net: NetName=VDD Pin=IC8-17
Added Pin To Net: NetName=ADC3_INP8 Pin=IC8-18
Added Pin To Net: NetName=ADC3_INP7 Pin=IC8-20
Added Pin To Net: NetName=ADC3_INP6 Pin=IC8-22
Added Pin To Net: NetName=OSC25M_IN Pin=IC8-23
Added Pin To Net: NetName=OSC25M_OUT Pin=IC8-24
Added Pin To Net: NetName=NRST Pin=IC8-25
Added Pin To Net: NetName=SPI2_MOSI Pin=IC8-27
Added Pin To Net: NetName=SDI2 Pin=IC8-28
Added Pin To Net: NetName=VDD Pin=IC8-30
Added Pin To Net: NetName=GND Pin=IC8-31
Added Pin To Net: NetName=VDDA Pin=IC8-32
Added Pin To Net: NetName=VDDA Pin=IC8-33
Added Pin To Net: NetName=ENCA_M2 Pin=IC8-34
Added Pin To Net: NetName=ENCB_M2 Pin=IC8-35
Added Pin To Net: NetName=PWM_M2 Pin=IC8-36
Added Pin To Net: NetName=PWM_M1 Pin=IC8-37
Added Pin To Net: NetName=GND Pin=IC8-38
Added Pin To Net: NetName=VDD Pin=IC8-39
Added Pin To Net: NetName=SCLK1 Pin=IC8-41
Added Pin To Net: NetName=ENCA_M3 Pin=IC8-42
Added Pin To Net: NetName=SDI1 Pin=IC8-43
Added Pin To Net: NetName=ADC2_INP8 Pin=IC8-45
Added Pin To Net: NetName=ADC2_INP9 Pin=IC8-46
Added Pin To Net: NetName=ADC1_INP5 Pin=IC8-47
Added Pin To Net: NetName=ADC1_INP6 Pin=IC8-50
Added Pin To Net: NetName=GND Pin=IC8-51
Added Pin To Net: NetName=VDD Pin=IC8-52
Added Pin To Net: NetName=ADC2_INP6 Pin=IC8-54
Added Pin To Net: NetName=ENCA_M1 Pin=IC8-60
Added Pin To Net: NetName=GND Pin=IC8-61
Added Pin To Net: NetName=VDD Pin=IC8-62
Added Pin To Net: NetName=ENCB_M1 Pin=IC8-64
Added Pin To Net: NetName=SPI4_MISO Pin=IC8-66
Added Pin To Net: NetName=SPI4_MOSI Pin=IC8-67
Added Pin To Net: NetName=SCLK2 Pin=IC8-69
Added Pin To Net: NetName=VDD Pin=IC8-71
Added Pin To Net: NetName=VDD Pin=IC8-72
Added Pin To Net: NetName=UART5_RX Pin=IC8-73
Added Pin To Net: NetName=UART5_TX Pin=IC8-74
Added Pin To Net: NetName=LED3_R Pin=IC8-75
Added Pin To Net: NetName=TIM12_CH2 Pin=IC8-76
Added Pin To Net: NetName=STLK_RX Pin=IC8-77
Added Pin To Net: NetName=STLK_TX Pin=IC8-78
Added Pin To Net: NetName=ENCA_M4 Pin=IC8-81
Added Pin To Net: NetName=ENCB_M4 Pin=IC8-82
Added Pin To Net: NetName=GND Pin=IC8-83
Added Pin To Net: NetName=VDD Pin=IC8-84
Added Pin To Net: NetName=USB_PowerSwitchOn Pin=IC8-91
Added Pin To Net: NetName=USB_OverCurrent Pin=IC8-92
Added Pin To Net: NetName=GND Pin=IC8-94
Added Pin To Net: NetName=VDD Pin=IC8-95
Added Pin To Net: NetName=ENCB_M3 Pin=IC8-97
Added Pin To Net: NetName=PWM_M3 Pin=IC8-98
Added Pin To Net: NetName=PWM_M4 Pin=IC8-99
Added Pin To Net: NetName=USB_SOF(TP1) Pin=IC8-100
Added Pin To Net: NetName=USB_VBUS Pin=IC8-101
Added Pin To Net: NetName=USB_ID Pin=IC8-102
Added Pin To Net: NetName=USB_DM Pin=IC8-103
Added Pin To Net: NetName=USB_DP Pin=IC8-104
Added Pin To Net: NetName=SWDIO Pin=IC8-105
Added Pin To Net: NetName=VDD Pin=IC8-106
Added Pin To Net: NetName=GND Pin=IC8-107
Added Pin To Net: NetName=VDD Pin=IC8-108
Added Pin To Net: NetName=USB_VBUS Pin=R22-2
Change Net Name : Old Net Name=NetC?_1 New Net Name=NetC3_1
Change Net Name : Old Net Name=NetD?_1 New Net Name=NetD1_1
Change Net Name : Old Net Name=NetD?_1 New Net Name=NetD2_1
Change Net Name : Old Net Name=NetD?_1 New Net Name=NetD3_1
Change Net Name : Old Net Name=NetD?_1 New Net Name=NetD4_1
Change Net Name : Old Net Name=NetD?_1 New Net Name=NetD5_1
Change Net Name : Old Net Name=NetD?_1 New Net Name=NetD6_1
Change Net Name : Old Net Name=NetD?_1 New Net Name=NetD7_1
Change Net Name : Old Net Name=NetD?_1 New Net Name=NetD8_1
Change Net Name : Old Net Name=NetD?_1 New Net Name=NetD9_1
Change Net Name : Old Net Name=NetIC?_1 New Net Name=NetIC4_1
Change Net Name : Old Net Name=NetIC?_2 New Net Name=NetIC2_2
Change Net Name : Old Net Name=NetIC?_2 New Net Name=NetIC4_2
Change Net Name : Old Net Name=NetIC?_4 New Net Name=NetIC4_4
Change Net Name : Old Net Name=NetIC?_5 New Net Name=NetIC4_5
Change Net Name : Old Net Name=NetIC?_6 New Net Name=NetIC4_6
Change Net Name : Old Net Name=NetIC?_7 New Net Name=NetIC4_7
Change Net Name : Old Net Name=NetIC?_8 New Net Name=NetIC2_8
Change Net Name : Old Net Name=NetIC?_9 New Net Name=NetIC2_9
Change Net Name : Old Net Name=NetIC?_9 New Net Name=NetIC4_9
Change Net Name : Old Net Name=NetIC?_10 New Net Name=NetIC2_10
Change Net Name : Old Net Name=NetIC?_10 New Net Name=NetIC4_10
Change Net Name : Old Net Name=NetIC?_11 New Net Name=NetIC2_11
Change Net Name : Old Net Name=NetLS?_1 New Net Name=NetLS1_1
Change Net Name : Old Net Name=NetLS?_2 New Net Name=NetLS1_2
Change Net Name : Old Net Name=NetP?_2 New Net Name=NetP8_2
Change Net Name : Old Net Name=NetP?_2 New Net Name=NetP9_2
Change Net Name : Old Net Name=NetP?_2 New Net Name=NetP17_2
Change Net Name : Old Net Name=NetT?_1 New Net Name=NetT1_1
Added Member To Class: ClassName=Logic ICs Member=Component C1 100nF
Added Member To Class: ClassName=Logic ICs Member=Component C2 100nF
Added Member To Class: ClassName=Connectors Member=Component C4 100nF
Added Member To Class: ClassName=Connectors Member=Component C5 10uF
Added Member To Class: ClassName=Connectors Member=Component C6 10uF
Added Member To Class: ClassName=Connectors Member=Component C7 100nF
Added Member To Class: ClassName=STM32H7 Member=Component C8 12pF
Added Member To Class: ClassName=STM32H7 Member=Component C9 12pF
Added Member To Class: ClassName=STM32H7 Member=Component C10 100nF
Added Member To Class: ClassName=STM32H7 Member=Component C11 12pF
Added Member To Class: ClassName=STM32H7 Member=Component C12 12pF
Added Member To Class: ClassName=STM32H7 Member=Component C13 1uF
Added Member To Class: ClassName=STM32H7 Member=Component C14 100nF
Added Member To Class: ClassName=STM32H7 Member=Component C15 1uF
Added Member To Class: ClassName=STM32H7 Member=Component C16 100nF
Added Member To Class: ClassName=STM32H7 Member=Component C17 10uF
Added Member To Class: ClassName=STM32H7 Member=Component C18 100nF
Added Member To Class: ClassName=STM32H7 Member=Component C19 100nF
Added Member To Class: ClassName=STM32H7 Member=Component C20 100nF
Added Member To Class: ClassName=STM32H7 Member=Component C21 100nF
Added Member To Class: ClassName=STM32H7 Member=Component C22 100nF
Added Member To Class: ClassName=STM32H7 Member=Component C23 100nF
Added Member To Class: ClassName=STM32H7 Member=Component C24 100nF
Added Member To Class: ClassName=STM32H7 Member=Component C25 100nF
Added Member To Class: ClassName=STM32H7 Member=Component C26 100nF
Added Member To Class: ClassName=STM32H7 Member=Component C27 100nF
Added Member To Class: ClassName=STM32H7 Member=Component C28 100nF
Added Member To Class: ClassName=STM32H7 Member=Component C29 100nF
Added Member To Class: ClassName=STM32H7 Member=Component C30 100nF
Added Member To Class: ClassName=STM32H7 Member=Component C31 100nF
Added Member To Class: ClassName=STM32H7 Member=Component C32 100nF
Added Member To Class: ClassName=STM32H7 Member=Component C33 100nF
Added Member To Class: ClassName=Logic ICs Member=Component D1 150060BS55040
Added Member To Class: ClassName=Logic ICs Member=Component D2 150060VS55040
Added Member To Class: ClassName=Logic ICs Member=Component D3 150060BS55040
Added Member To Class: ClassName=Logic ICs Member=Component D5 150060SS55040
Added Member To Class: ClassName=Logic ICs Member=Component D6 150060YS55040
Added Member To Class: ClassName=Logic ICs Member=Component D7 150060SS55040
Added Member To Class: ClassName=Logic ICs Member=Component D8 150060YS55040
Added Member To Class: ClassName=Connectors Member=Component D9 150060SS55040
Added Member To Class: ClassName=Logic ICs Member=Component IC1 24CW160T-I/OT
Added Member To Class: ClassName=Logic ICs Member=Component IC2 TCA9555DBR
Added Member To Class: ClassName=Logic ICs Member=Component IC3 ICM-20948
Added Member To Class: ClassName=Logic ICs Member=Component IC5 MPU9250-IMU
Added Member To Class: ClassName=Connectors Member=Component IC6 LD1117S33CTR
Added Member To Class: ClassName=Connectors Member=Component IC7 USBLC6-2SC6
Added Member To Class: ClassName=STM32H7 Member=Component IC8 STM32H743ZIT6
Added Member To Class: ClassName=Connectors Member=Component P1 5X2
Added Member To Class: ClassName=Connectors Member=Component P2 4X2
Added Member To Class: ClassName=Connectors Member=Component P3 4X2
Added Member To Class: ClassName=Connectors Member=Component P5 3x1
Added Member To Class: ClassName=Connectors Member=Component P6 3x1
Added Member To Class: ClassName=Connectors Member=Component P7 6x1
Added Member To Class: ClassName=Connectors Member=Component P8 2X1
Added Member To Class: ClassName=Connectors Member=Component P9 2X1
Added Member To Class: ClassName=Connectors Member=Component P10 4X1
Added Member To Class: ClassName=Connectors Member=Component P11 2X1
Added Member To Class: ClassName=Connectors Member=Component P12 2X1
Added Member To Class: ClassName=Connectors Member=Component P13 6x1
Added Member To Class: ClassName=Connectors Member=Component P14 HEADER 24P M
Added Member To Class: ClassName=Connectors Member=Component P15 HEADER 24P M
Added Member To Class: ClassName=Connectors Member=Component P16 5X2
Added Member To Class: ClassName=STM32H7 Member=Component P17 3x1
Added Member To Class: ClassName=Logic ICs Member=Component R1 1K
Added Member To Class: ClassName=Logic ICs Member=Component R2 1K
Added Member To Class: ClassName=Logic ICs Member=Component R3 4K7
Added Member To Class: ClassName=Logic ICs Member=Component R4 47R
Added Member To Class: ClassName=Logic ICs Member=Component R5 47R
Added Member To Class: ClassName=Logic ICs Member=Component R6 47R
Added Member To Class: ClassName=Logic ICs Member=Component R7 47R
Added Member To Class: ClassName=Logic ICs Member=Component R8 10R
Added Member To Class: ClassName=Logic ICs Member=Component R9 10R
Added Member To Class: ClassName=Logic ICs Member=Component R10 47R
Added Member To Class: ClassName=Logic ICs Member=Component R11 47R
Added Member To Class: ClassName=Logic ICs Member=Component R12 47R
Added Member To Class: ClassName=Logic ICs Member=Component R13 10R
Added Member To Class: ClassName=Logic ICs Member=Component R14 10R
Added Member To Class: ClassName=Logic ICs Member=Component R15 47R
Added Member To Class: ClassName=Logic ICs Member=Component R16 10R
Added Member To Class: ClassName=Logic ICs Member=Component R17 10R
Added Member To Class: ClassName=Logic ICs Member=Component R18 1K
Added Member To Class: ClassName=Logic ICs Member=Component R19 10R
Added Member To Class: ClassName=Logic ICs Member=Component R20 10R
Added Member To Class: ClassName=Logic ICs Member=Component R21 4K7
Added Member To Class: ClassName=Connectors Member=Component R23 1M
Added Member To Class: ClassName=Connectors Member=Component R24 330K
Added Member To Class: ClassName=STM32H7 Member=Component R25 10K
Added Member To Class: ClassName=STM32H7 Member=Component R26 4K7
Added Member To Class: ClassName=STM32H7 Member=Component R27 4K7
Added Member To Class: ClassName=STM32H7 Member=Component R28 10K
Added Member To Class: ClassName=STM32H7 Member=Component S2 SKHHAMA010
Added Member To Class: ClassName=STM32H7 Member=Component Y2 XTAL
