Added Component: Designator=IC1(D2PAK)
Add component. Clean all parameters for all variants
Add component (AddParameter): Name = "Mfr"; Value = "STMicroelectronics"; VariantName = "[No Variations]"
Add component (AddParameter): Name = "Package"; Value = "D2PAK"; VariantName = "[No Variations]"
Add component (AddParameter): Name = "Series"; Value = "L4940"; VariantName = "[No Variations]"
Added Component: Designator=P1(XT60-Male)
Add component. Clean all parameters for all variants
Add component (AddParameter): Name = "Mfr"; Value = "DFRobot"; VariantName = "[No Variations]"
Add component (AddParameter): Name = "Mfr Nr"; Value = "FIT0587"; VariantName = "[No Variations]"
Add component (AddParameter): Name = "Type"; Value = "XT60 Male Connector"; VariantName = "[No Variations]"
Added Component: Designator=R4(RES SMD 0603)
Add component. Clean all parameters for all variants
Add component (AddParameter): Name = "Dimensions"; Value = "0603 (1608 metric)"; VariantName = "[No Variations]"
Add component (AddParameter): Name = "Mfr"; Value = "Vishay / Dale"; VariantName = "[No Variations]"
Add component (AddParameter): Name = "Mfr Nr"; Value = "CRCW0603100RFKEAC"; VariantName = "[No Variations]"
Add component (AddParameter): Name = "Power Rating"; Value = "1/10 W"; VariantName = "[No Variations]"
Add component (AddParameter): Name = "Value"; Value = "100R"; VariantName = "[No Variations]"
Added Pin To Net: NetName=NetC2_1 Pin=IC1-1
Added Pin To Net: NetName=GND Pin=IC1-2
Added Pin To Net: NetName=NetC1_1 Pin=IC1-3
Added Pin To Net: NetName=VBAT Pin=P1-1
Added Pin To Net: NetName=GND Pin=P1-2
Added Pin To Net: NetName=NetD4_1 Pin=R4-1
Added Pin To Net: NetName=VDD Pin=R4-2
Added Member To Class: ClassName=12V-Supply Member=Component IC1 L4940D2T12-TR
Added Member To Class: ClassName=SSL-2020-PowerBoard1 Member=Component P1 XT60
Added Member To Class: ClassName=SSL-2020-PowerBoard1 Member=Component R4 100R
