Added Component: Designator=P2(USB-MICRO-AB)
Add component. Clean all parameters for all variants
Add component (AddParameter): Name = "Current Rating"; Value = "1.8 A"; VariantName = "[No Variations]"
Add component (AddParameter): Name = "Gender"; Value = "Jack (Female)"; VariantName = "[No Variations]"
Add component (AddParameter): Name = "Mfr"; Value = "Wurth Elektronik"; VariantName = "[No Variations]"
Add component (AddParameter): Name = "Mfr Nr"; Value = "629105150921"; VariantName = "[No Variations]"
Add component (AddParameter): Name = "Series"; Value = "WR-COM"; VariantName = "[No Variations]"
Add component (AddParameter): Name = "Type"; Value = "Micro USB AB"; VariantName = "[No Variations]"
Added Component: Designator=P3(HEADER 12X2 FEM)
Add component. Clean all parameters for all variants
Add component (AddParameter): Name = "Mfr"; Value = "Harwin"; VariantName = "[No Variations]"
Add component (AddParameter): Name = "Mfr Nr"; Value = "M20-7831242"; VariantName = "[No Variations]"
Add component (AddParameter): Name = "Pitch"; Value = "2.54mm"; VariantName = "[No Variations]"
Add component (AddParameter): Name = "Series"; Value = "M20"; VariantName = "[No Variations]"
Add component (AddParameter): Name = "Type"; Value = "Socket Assembly"; VariantName = "[No Variations]"
Added Component: Designator=P4(HEADER 12X2 FEM)
Add component. Clean all parameters for all variants
Add component (AddParameter): Name = "Mfr"; Value = "Harwin"; VariantName = "[No Variations]"
Add component (AddParameter): Name = "Mfr Nr"; Value = "M20-7831242"; VariantName = "[No Variations]"
Add component (AddParameter): Name = "Pitch"; Value = "2.54mm"; VariantName = "[No Variations]"
Add component (AddParameter): Name = "Series"; Value = "M20"; VariantName = "[No Variations]"
Add component (AddParameter): Name = "Type"; Value = "Socket Assembly"; VariantName = "[No Variations]"
Added Component: Designator=P5(HEADER 12X2 FEM)
Add component. Clean all parameters for all variants
Add component (AddParameter): Name = "Mfr"; Value = "Harwin"; VariantName = "[No Variations]"
Add component (AddParameter): Name = "Mfr Nr"; Value = "M20-7831242"; VariantName = "[No Variations]"
Add component (AddParameter): Name = "Pitch"; Value = "2.54mm"; VariantName = "[No Variations]"
Add component (AddParameter): Name = "Series"; Value = "M20"; VariantName = "[No Variations]"
Add component (AddParameter): Name = "Type"; Value = "Socket Assembly"; VariantName = "[No Variations]"
Added Component: Designator=P6(HEADER 12X2 FEM)
Add component. Clean all parameters for all variants
Add component (AddParameter): Name = "Mfr"; Value = "Harwin"; VariantName = "[No Variations]"
Add component (AddParameter): Name = "Mfr Nr"; Value = "M20-7831242"; VariantName = "[No Variations]"
Add component (AddParameter): Name = "Pitch"; Value = "2.54mm"; VariantName = "[No Variations]"
Add component (AddParameter): Name = "Series"; Value = "M20"; VariantName = "[No Variations]"
Add component (AddParameter): Name = "Type"; Value = "Socket Assembly"; VariantName = "[No Variations]"
Added Component: Designator=P7(HEADER 12X2 FEM)
Add component. Clean all parameters for all variants
Add component (AddParameter): Name = "Mfr"; Value = "Harwin"; VariantName = "[No Variations]"
Add component (AddParameter): Name = "Mfr Nr"; Value = "M20-7831242"; VariantName = "[No Variations]"
Add component (AddParameter): Name = "Pitch"; Value = "2.54mm"; VariantName = "[No Variations]"
Add component (AddParameter): Name = "Series"; Value = "M20"; VariantName = "[No Variations]"
Add component (AddParameter): Name = "Type"; Value = "Socket Assembly"; VariantName = "[No Variations]"
Added Component: Designator=P8(HEADER 12X2 FEM)
Add component. Clean all parameters for all variants
Add component (AddParameter): Name = "Mfr"; Value = "Harwin"; VariantName = "[No Variations]"
Add component (AddParameter): Name = "Mfr Nr"; Value = "M20-7831242"; VariantName = "[No Variations]"
Add component (AddParameter): Name = "Pitch"; Value = "2.54mm"; VariantName = "[No Variations]"
Add component (AddParameter): Name = "Series"; Value = "M20"; VariantName = "[No Variations]"
Add component (AddParameter): Name = "Type"; Value = "Socket Assembly"; VariantName = "[No Variations]"
Added Component: Designator=S1(SPDT-SWITCH)
Add component. Clean all parameters for all variants
Add component (AddParameter): Name = "Contact Form"; Value = "SPDT"; VariantName = "[No Variations]"
Add component (AddParameter): Name = "Current Rating"; Value = "300 mA"; VariantName = "[No Variations]"
Add component (AddParameter): Name = "Mfr"; Value = "C&K"; VariantName = "[No Variations]"
Add component (AddParameter): Name = "Series"; Value = "SK"; VariantName = "[No Variations]"
Add component (AddParameter): Name = "Type"; Value = "Slide Switch"; VariantName = "[No Variations]"
Add component (AddParameter): Name = "Voltage Rating"; Value = "30 VDC"; VariantName = "[No Variations]"
Added Pin To Net: NetName=+5 Pin=P2-1
Added Pin To Net: NetName=+5 Pin=P4-1
Added Pin To Net: NetName=+5 Pin=P4-2
Added Pin To Net: NetName=+5 Pin=P4-3
Added Pin To Net: NetName=+5 Pin=P4-4
Added Pin To Net: NetName=+5 Pin=P4-5
Added Pin To Net: NetName=+5 Pin=P4-6
Added Pin To Net: NetName=+5 Pin=P8-17
Added Pin To Net: NetName=+5 Pin=P8-18
Added Net: Name=+5
Added Pin To Net: NetName=CHARGE_ENABLE Pin=P6-23
Added Pin To Net: NetName=CHARGE_ENABLE Pin=P6-24
Added Pin To Net: NetName=CHARGE_ENABLE Pin=P8-7
Added Pin To Net: NetName=CHARGE_ENABLE Pin=P8-8
Added Net: Name=CHARGE_ENABLE
Added Pin To Net: NetName=CHIP_KICK_SIGNAL Pin=P5-15
Added Pin To Net: NetName=CHIP_KICK_SIGNAL Pin=P5-16
Added Pin To Net: NetName=CHIP_KICK_SIGNAL Pin=P6-19
Added Pin To Net: NetName=CHIP_KICK_SIGNAL Pin=P6-20
Added Net: Name=CHIP_KICK_SIGNAL
Added Pin To Net: NetName=CSOUT Pin=P4-7
Added Pin To Net: NetName=CSOUT Pin=P4-8
Added Pin To Net: NetName=CSOUT Pin=P5-7
Added Pin To Net: NetName=CSOUT Pin=P5-8
Added Net: Name=CSOUT
Added Pin To Net: NetName=DIR_IN Pin=P4-13
Added Pin To Net: NetName=DIR_IN Pin=P4-14
Added Pin To Net: NetName=DIR_IN Pin=P5-13
Added Pin To Net: NetName=DIR_IN Pin=P5-14
Added Net: Name=DIR_IN
Added Pin To Net: NetName=DIR_OUT Pin=P3-9
Added Pin To Net: NetName=DIR_OUT Pin=P3-10
Added Pin To Net: NetName=DIR_OUT Pin=P8-9
Added Pin To Net: NetName=DIR_OUT Pin=P8-10
Added Net: Name=DIR_OUT
Added Pin To Net: NetName=FAULT1 Pin=P3-13
Added Pin To Net: NetName=FAULT1 Pin=P3-14
Added Pin To Net: NetName=FAULT1 Pin=P8-13
Added Pin To Net: NetName=FAULT1 Pin=P8-14
Added Net: Name=FAULT1
Added Pin To Net: NetName=FAULT2 Pin=P3-11
Added Pin To Net: NetName=FAULT2 Pin=P3-12
Added Pin To Net: NetName=FAULT2 Pin=P8-11
Added Pin To Net: NetName=FAULT2 Pin=P8-12
Added Net: Name=FAULT2
Added Pin To Net: NetName=GND Pin=P2-5
Added Pin To Net: NetName=GND Pin=P2-6
Added Pin To Net: NetName=GND Pin=P2-6
Added Pin To Net: NetName=GND Pin=P2-6
Added Pin To Net: NetName=GND Pin=P2-6
Added Pin To Net: NetName=GND Pin=P3-19
Added Pin To Net: NetName=GND Pin=P3-20
Added Pin To Net: NetName=GND Pin=P3-21
Added Pin To Net: NetName=GND Pin=P3-22
Added Pin To Net: NetName=GND Pin=P3-23
Added Pin To Net: NetName=GND Pin=P3-24
Added Pin To Net: NetName=GND Pin=P4-17
Added Pin To Net: NetName=GND Pin=P4-18
Added Pin To Net: NetName=GND Pin=P4-19
Added Pin To Net: NetName=GND Pin=P4-20
Added Pin To Net: NetName=GND Pin=P4-21
Added Pin To Net: NetName=GND Pin=P4-22
Added Pin To Net: NetName=GND Pin=P4-23
Added Pin To Net: NetName=GND Pin=P4-24
Added Pin To Net: NetName=GND Pin=P5-1
Added Pin To Net: NetName=GND Pin=P5-2
Added Pin To Net: NetName=GND Pin=P5-23
Added Pin To Net: NetName=GND Pin=P5-24
Added Pin To Net: NetName=GND Pin=P6-1
Added Pin To Net: NetName=GND Pin=P6-2
Added Pin To Net: NetName=GND Pin=P6-3
Added Pin To Net: NetName=GND Pin=P6-4
Added Pin To Net: NetName=GND Pin=P6-5
Added Pin To Net: NetName=GND Pin=P6-6
Added Pin To Net: NetName=GND Pin=P6-7
Added Pin To Net: NetName=GND Pin=P6-8
Added Pin To Net: NetName=GND Pin=P6-9
Added Pin To Net: NetName=GND Pin=P6-10
Added Pin To Net: NetName=GND Pin=P6-11
Added Pin To Net: NetName=GND Pin=P6-12
Added Pin To Net: NetName=GND Pin=P6-13
Added Pin To Net: NetName=GND Pin=P6-14
Added Pin To Net: NetName=GND Pin=P6-15
Added Pin To Net: NetName=GND Pin=P6-16
Added Pin To Net: NetName=GND Pin=P6-17
Added Pin To Net: NetName=GND Pin=P6-18
Added Pin To Net: NetName=GND Pin=P7-17
Added Pin To Net: NetName=GND Pin=P7-18
Added Pin To Net: NetName=GND Pin=P7-19
Added Pin To Net: NetName=GND Pin=P7-20
Added Pin To Net: NetName=GND Pin=P7-21
Added Pin To Net: NetName=GND Pin=P7-22
Added Pin To Net: NetName=GND Pin=P7-23
Added Pin To Net: NetName=GND Pin=P7-24
Added Pin To Net: NetName=GND Pin=P8-1
Added Pin To Net: NetName=GND Pin=P8-2
Added Pin To Net: NetName=GND Pin=P8-23
Added Pin To Net: NetName=GND Pin=P8-24
Added Pin To Net: NetName=GND Pin=S1-1
Added Net: Name=GND
Added Pin To Net: NetName=KICK_SIGNAL Pin=P5-17
Added Pin To Net: NetName=KICK_SIGNAL Pin=P5-18
Added Pin To Net: NetName=KICK_SIGNAL Pin=P6-21
Added Pin To Net: NetName=KICK_SIGNAL Pin=P6-22
Added Net: Name=KICK_SIGNAL
Added Pin To Net: NetName=MODE_IN Pin=P4-9
Added Pin To Net: NetName=MODE_IN Pin=P4-10
Added Pin To Net: NetName=MODE_IN Pin=P5-9
Added Pin To Net: NetName=MODE_IN Pin=P5-10
Added Net: Name=MODE_IN
Added Net: Name=NetC1_1
Added Pin To Net: NetName=NetC2_1 Pin=S1-2
Added Net: Name=NetC2_1
Added Net: Name=NetC5_1
Added Net: Name=NetD1_1
Added Net: Name=NetD2_1
Added Net: Name=NetD3_1
Added Net: Name=NetD4_1
Added Pin To Net: NetName=PWM_IN Pin=P4-11
Added Pin To Net: NetName=PWM_IN Pin=P4-12
Added Pin To Net: NetName=PWM_IN Pin=P5-11
Added Pin To Net: NetName=PWM_IN Pin=P5-12
Added Net: Name=PWM_IN
Added Pin To Net: NetName=SPD_OUT Pin=P3-15
Added Pin To Net: NetName=SPD_OUT Pin=P3-16
Added Pin To Net: NetName=SPD_OUT Pin=P8-15
Added Pin To Net: NetName=SPD_OUT Pin=P8-16
Added Net: Name=SPD_OUT
Added Pin To Net: NetName=VBAT Pin=P3-1
Added Pin To Net: NetName=VBAT Pin=P3-2
Added Pin To Net: NetName=VBAT Pin=P3-3
Added Pin To Net: NetName=VBAT Pin=P3-4
Added Pin To Net: NetName=VBAT Pin=P3-5
Added Pin To Net: NetName=VBAT Pin=P3-6
Added Pin To Net: NetName=VBAT Pin=P3-7
Added Pin To Net: NetName=VBAT Pin=P3-8
Added Pin To Net: NetName=VBAT Pin=P7-1
Added Pin To Net: NetName=VBAT Pin=P7-2
Added Pin To Net: NetName=VBAT Pin=P7-3
Added Pin To Net: NetName=VBAT Pin=P7-4
Added Pin To Net: NetName=VBAT Pin=P7-5
Added Pin To Net: NetName=VBAT Pin=P7-6
Added Pin To Net: NetName=VBAT Pin=P7-7
Added Pin To Net: NetName=VBAT Pin=P7-8
Added Pin To Net: NetName=VBAT Pin=P7-9
Added Pin To Net: NetName=VBAT Pin=P7-10
Added Pin To Net: NetName=VBAT Pin=P7-11
Added Pin To Net: NetName=VBAT Pin=P7-12
Added Pin To Net: NetName=VBAT Pin=S1-3
Added Net: Name=VBAT
Added Pin To Net: NetName=VDD Pin=P5-3
Added Pin To Net: NetName=VDD Pin=P5-4
Added Pin To Net: NetName=VDD Pin=P5-5
Added Pin To Net: NetName=VDD Pin=P5-6
Added Pin To Net: NetName=VDD Pin=P5-19
Added Pin To Net: NetName=VDD Pin=P5-20
Added Pin To Net: NetName=VDD Pin=P5-21
Added Pin To Net: NetName=VDD Pin=P5-22
Added Pin To Net: NetName=VDD Pin=P8-3
Added Pin To Net: NetName=VDD Pin=P8-4
Added Pin To Net: NetName=VDD Pin=P8-5
Added Pin To Net: NetName=VDD Pin=P8-6
Added Pin To Net: NetName=VDD Pin=P8-19
Added Pin To Net: NetName=VDD Pin=P8-20
Added Pin To Net: NetName=VDD Pin=P8-21
Added Pin To Net: NetName=VDD Pin=P8-22
Added Net: Name=VDD
Added Class: Name=3V3-Supply
Added Class: Name=5V-Supply
Added Class: Name=12V-Supply
Added Class: Name=SSL-2020-PowerBoard1
Added Room: Name=3V3-Supply
Added Room: Name=5V-Supply
Added Room: Name=12V-Supply
Added Room: Name=SSL-2020-PowerBoard1
