Added Component: Designator=C1(CAP ALUM 5X5)
Add component. Clean all parameters for all variants
Add component (AddParameter): Name = "Dimensions"; Value = "5x5mm"; VariantName = "[No Variations]"
Add component (AddParameter): Name = "Mfr"; Value = "KEMET"; VariantName = "[No Variations]"
Add component (AddParameter): Name = "Mfr Nr"; Value = "EDH226M025S9DAA"; VariantName = "[No Variations]"
Add component (AddParameter): Name = "Series"; Value = "EDH"; VariantName = "[No Variations]"
Add component (AddParameter): Name = "Type"; Value = "Surface Mount Aluminum Electrolytic Capacitor"; VariantName = "[No Variations]"
Add component (AddParameter): Name = "Value"; Value = "22uF"; VariantName = "[No Variations]"
Add component (AddParameter): Name = "Voltage Rating"; Value = "25V"; VariantName = "[No Variations]"
Added Component: Designator=C3(CAP ALUM 5X5)
Add component. Clean all parameters for all variants
Add component (AddParameter): Name = "Dimensions"; Value = "5x5mm"; VariantName = "[No Variations]"
Add component (AddParameter): Name = "Mfr"; Value = "Nichion"; VariantName = "[No Variations]"
Add component (AddParameter): Name = "Mfr Nr"; Value = "UWX1E100MCL1GB"; VariantName = "[No Variations]"
Add component (AddParameter): Name = "Series"; Value = "UWX"; VariantName = "[No Variations]"
Add component (AddParameter): Name = "Type"; Value = "Surface Mount Aluminum Electrolytic Capacitor"; VariantName = "[No Variations]"
Add component (AddParameter): Name = "Value"; Value = "10uF"; VariantName = "[No Variations]"
Add component (AddParameter): Name = "Voltage Rating"; Value = "25V"; VariantName = "[No Variations]"
Added Component: Designator=C4(CAP CER 0603)
Add component. Clean all parameters for all variants
Add component (AddParameter): Name = "Dimensions"; Value = "0603 (1608 metric)"; VariantName = "[No Variations]"
Add component (AddParameter): Name = "Mfr"; Value = "KEMET"; VariantName = "[No Variations]"
Add component (AddParameter): Name = "Mfr Nr"; Value = "C0603C104Z3VACTU"; VariantName = "[No Variations]"
Add component (AddParameter): Name = "Series"; Value = "SMD Comm Y5V"; VariantName = "[No Variations]"
Add component (AddParameter): Name = "Type"; Value = "Ceramic Capacitor"; VariantName = "[No Variations]"
Add component (AddParameter): Name = "Value"; Value = "100nF"; VariantName = "[No Variations]"
Add component (AddParameter): Name = "Voltage Rating"; Value = "25V"; VariantName = "[No Variations]"
Added Component: Designator=C5(CAP CER 0603)
Add component. Clean all parameters for all variants
Add component (AddParameter): Name = "Dimensions"; Value = "0603 (1608 metric)"; VariantName = "[No Variations]"
Add component (AddParameter): Name = "Mfr"; Value = "TDK"; VariantName = "[No Variations]"
Add component (AddParameter): Name = "Mfr Nr"; Value = "C1608X5R1E334K080AC"; VariantName = "[No Variations]"
Add component (AddParameter): Name = "Series"; Value = "C"; VariantName = "[No Variations]"
Add component (AddParameter): Name = "Type"; Value = "Ceramic Capacitor"; VariantName = "[No Variations]"
Add component (AddParameter): Name = "Value"; Value = "330nF"; VariantName = "[No Variations]"
Add component (AddParameter): Name = "Voltage Rating"; Value = "25V"; VariantName = "[No Variations]"
Added Component: Designator=D1(LED 0603 GREEN)
Add component. Clean all parameters for all variants
Add component (AddParameter): Name = "Color"; Value = "Green"; VariantName = "[No Variations]"
Add component (AddParameter): Name = "Forward Current"; Value = "20mA"; VariantName = "[No Variations]"
Add component (AddParameter): Name = "Forward Voltage"; Value = "2V"; VariantName = "[No Variations]"
Add component (AddParameter): Name = "Mfr"; Value = "Wurth Elektronik"; VariantName = "[No Variations]"
Add component (AddParameter): Name = "Package"; Value = "0603 (1608 metric)"; VariantName = "[No Variations]"
Add component (AddParameter): Name = "Series"; Value = "WL-SMCD"; VariantName = "[No Variations]"
Added Component: Designator=D2(LED 0603 GREEN)
Add component. Clean all parameters for all variants
Add component (AddParameter): Name = "Color"; Value = "Green"; VariantName = "[No Variations]"
Add component (AddParameter): Name = "Forward Current"; Value = "20mA"; VariantName = "[No Variations]"
Add component (AddParameter): Name = "Forward Voltage"; Value = "2V"; VariantName = "[No Variations]"
Add component (AddParameter): Name = "Mfr"; Value = "Wurth Elektronik"; VariantName = "[No Variations]"
Add component (AddParameter): Name = "Package"; Value = "0603 (1608 metric)"; VariantName = "[No Variations]"
Add component (AddParameter): Name = "Series"; Value = "WL-SMCD"; VariantName = "[No Variations]"
Added Component: Designator=D3(LED 0603 GREEN)
Add component. Clean all parameters for all variants
Add component (AddParameter): Name = "Color"; Value = "Green"; VariantName = "[No Variations]"
Add component (AddParameter): Name = "Forward Current"; Value = "20mA"; VariantName = "[No Variations]"
Add component (AddParameter): Name = "Forward Voltage"; Value = "2V"; VariantName = "[No Variations]"
Add component (AddParameter): Name = "Mfr"; Value = "Wurth Elektronik"; VariantName = "[No Variations]"
Add component (AddParameter): Name = "Package"; Value = "0603 (1608 metric)"; VariantName = "[No Variations]"
Add component (AddParameter): Name = "Series"; Value = "WL-SMCD"; VariantName = "[No Variations]"
Added Component: Designator=D4(LED 0603 GREEN)
Add component. Clean all parameters for all variants
Add component (AddParameter): Name = "Color"; Value = "Green"; VariantName = "[No Variations]"
Add component (AddParameter): Name = "Forward Current"; Value = "20mA"; VariantName = "[No Variations]"
Add component (AddParameter): Name = "Forward Voltage"; Value = "2V"; VariantName = "[No Variations]"
Add component (AddParameter): Name = "Mfr"; Value = "Wurth Elektronik"; VariantName = "[No Variations]"
Add component (AddParameter): Name = "Package"; Value = "0603 (1608 metric)"; VariantName = "[No Variations]"
Add component (AddParameter): Name = "Series"; Value = "WL-SMCD"; VariantName = "[No Variations]"
Added Component: Designator=IC2(SOT-223)
Add component. Clean all parameters for all variants
Add component (AddParameter): Name = "Mfr"; Value = "STMicroelectronics"; VariantName = "[No Variations]"
Add component (AddParameter): Name = "Package"; Value = "SOT-223-3"; VariantName = "[No Variations]"
Add component (AddParameter): Name = "Series"; Value = "LD1117"; VariantName = "[No Variations]"
Added Component: Designator=IC3(D2PAK)
Add component. Clean all parameters for all variants
Add component (AddParameter): Name = "Mfr"; Value = "STMicroelectronics"; VariantName = "[No Variations]"
Add component (AddParameter): Name = "Package"; Value = "D2PAK"; VariantName = "[No Variations]"
Add component (AddParameter): Name = "Series"; Value = "L78"; VariantName = "[No Variations]"
Added Component: Designator=Q1(DPAK/TO-252-3)
Add component. Clean all parameters for all variants
Add component (AddParameter): Name = "Mfr"; Value = "Infineon / IR"; VariantName = "[No Variations]"
Add component (AddParameter): Name = "Package"; Value = "TO-252-3"; VariantName = "[No Variations]"
Add component (AddParameter): Name = "Type"; Value = "N-Channel MOSFET"; VariantName = "[No Variations]"
Added Component: Designator=R1(RES SMD 0603)
Add component. Clean all parameters for all variants
Add component (AddParameter): Name = "Dimensions"; Value = "0603 (1608 metric)"; VariantName = "[No Variations]"
Add component (AddParameter): Name = "Mfr"; Value = "Vishay / Dale"; VariantName = "[No Variations]"
Add component (AddParameter): Name = "Mfr Nr"; Value = "CRCW0603560RJNEA"; VariantName = "[No Variations]"
Add component (AddParameter): Name = "Power Rating"; Value = "1/10 W"; VariantName = "[No Variations]"
Add component (AddParameter): Name = "Value"; Value = "560R"; VariantName = "[No Variations]"
Added Component: Designator=R2(RES SMD 0603)
Add component. Clean all parameters for all variants
Add component (AddParameter): Name = "Dimensions"; Value = "0603 (1608 metric)"; VariantName = "[No Variations]"
Add component (AddParameter): Name = "Mfr"; Value = "Vishay / Dale"; VariantName = "[No Variations]"
Add component (AddParameter): Name = "Mfr Nr"; Value = "CRCW0603680RJNEAC"; VariantName = "[No Variations]"
Add component (AddParameter): Name = "Power Rating"; Value = "1/10 W"; VariantName = "[No Variations]"
Add component (AddParameter): Name = "Value"; Value = "680R"; VariantName = "[No Variations]"
Added Component: Designator=R3(RES SMD 0603)
Add component. Clean all parameters for all variants
Add component (AddParameter): Name = "Dimensions"; Value = "0603 (1608 metric)"; VariantName = "[No Variations]"
Add component (AddParameter): Name = "Mfr"; Value = "Vishay / Dale"; VariantName = "[No Variations]"
Add component (AddParameter): Name = "Mfr Nr"; Value = "CRCW0603220RJNEAC"; VariantName = "[No Variations]"
Add component (AddParameter): Name = "Power Rating"; Value = "1/10 W"; VariantName = "[No Variations]"
Add component (AddParameter): Name = "Value"; Value = "220R"; VariantName = "[No Variations]"
Added Pin To Net: NetName=NetC1_1 Pin=C1-1
Added Pin To Net: NetName=GND Pin=C1-2
Added Pin To Net: NetName=VDD Pin=C3-1
Added Pin To Net: NetName=GND Pin=C3-2
Added Pin To Net: NetName=+5 Pin=C4-1
Added Pin To Net: NetName=GND Pin=C4-2
Added Pin To Net: NetName=NetC5_1 Pin=C5-1
Added Pin To Net: NetName=GND Pin=C5-2
Added Pin To Net: NetName=NetD1_1 Pin=D1-1
Added Pin To Net: NetName=GND Pin=D1-2
Added Pin To Net: NetName=NetD2_1 Pin=D2-1
Added Pin To Net: NetName=GND Pin=D2-2
Added Pin To Net: NetName=NetD3_1 Pin=D3-1
Added Pin To Net: NetName=GND Pin=D3-2
Added Pin To Net: NetName=NetD4_1 Pin=D4-1
Added Pin To Net: NetName=GND Pin=D4-2
Added Pin To Net: NetName=GND Pin=IC2-1
Added Pin To Net: NetName=VDD Pin=IC2-2
Added Pin To Net: NetName=+5 Pin=IC2-3
Added Pin To Net: NetName=GND Pin=IC2-4
Added Pin To Net: NetName=NetC5_1 Pin=IC3-1
Added Pin To Net: NetName=GND Pin=IC3-2
Added Pin To Net: NetName=+5 Pin=IC3-3
Added Pin To Net: NetName=NetC1_1 Pin=Q1-1
Added Pin To Net: NetName=VBAT Pin=Q1-2
Added Pin To Net: NetName=NetC5_1 Pin=Q1-3
Added Pin To Net: NetName=NetD1_1 Pin=R1-1
Added Pin To Net: NetName=NetC1_1 Pin=R1-2
Added Pin To Net: NetName=NetD2_1 Pin=R2-1
Added Pin To Net: NetName=NetC5_1 Pin=R2-2
Added Pin To Net: NetName=NetD3_1 Pin=R3-1
Added Pin To Net: NetName=+5 Pin=R3-2
Added Member To Class: ClassName=12V-Supply Member=Component C1 22uF
Added Member To Class: ClassName=3V3-Supply Member=Component C3 10uF
Added Member To Class: ClassName=3V3-Supply Member=Component C4 100nF
Added Member To Class: ClassName=5V-Supply Member=Component C5 330nF
Added Member To Class: ClassName=SSL-2020-PowerBoard1 Member=Component D1 150060VS55040
Added Member To Class: ClassName=SSL-2020-PowerBoard1 Member=Component D2 150060VS55040
Added Member To Class: ClassName=SSL-2020-PowerBoard1 Member=Component D3 150060VS55040
Added Member To Class: ClassName=SSL-2020-PowerBoard1 Member=Component D4 150060VS55040
Added Member To Class: ClassName=3V3-Supply Member=Component IC2 LD1117S33CTR
Added Member To Class: ClassName=5V-Supply Member=Component IC3 L7805ACD2T-TR
Added Member To Class: ClassName=SSL-2020-PowerBoard1 Member=Component Q1 IRFR7440TRPBF
Added Member To Class: ClassName=SSL-2020-PowerBoard1 Member=Component R1 560R
Added Member To Class: ClassName=SSL-2020-PowerBoard1 Member=Component R2 680R
Added Member To Class: ClassName=SSL-2020-PowerBoard1 Member=Component R3 220R
